2014-04-12 11:59:11,178 Begin Processing
2014-04-12 11:59:11,199 Retrieved 3 searches
2014-04-12 11:59:11,199 Search: porsche 911 cabriolet
2014-04-12 11:59:11,241 URL: http://seattle.craigslist.org/search/cto?catAbb=cto&query=+porsche+911+cabriolet&minAsk=20000&maxAsk=80000&autoMinYear=1970&autoMaxYear=1997&hasPic=1&format=rss
2014-04-12 11:59:13,197 Document retrieved from craigslist with 0 entries
2014-04-12 11:59:13,197 URL: http://sfbay.craigslist.org/search/cto?catAbb=cto&query=+porsche+911+cabriolet&minAsk=20000&maxAsk=80000&autoMinYear=1970&autoMaxYear=1997&hasPic=1&format=rss
2014-04-12 11:59:13,663 Document retrieved from craigslist with 4 entries
2014-04-12 11:59:13,682 Posting found and updated
2014-04-12 11:59:13,707 Posting found and updated
2014-04-12 11:59:13,723 Posting found and updated
2014-04-12 11:59:13,740 Posting found and updated
2014-04-12 11:59:13,742 Search: Jeep Wrangler Unlimited
2014-04-12 11:59:13,745 URL: http://portland.craigslist.org/search/cta?catAbb=cta&query=+Jeep+Wrangler+Unlimited&minAsk=25000&maxAsk=40000&autoMinYear=2012&autoMaxYear=2014&hasPic=1&format=rss
2014-04-12 11:59:14,190 Document retrieved from craigslist with 25 entries
2014-04-12 11:59:14,210 Posting found and updated
2014-04-12 11:59:14,227 Posting found and updated
2014-04-12 11:59:14,243 Posting found and updated
2014-04-12 11:59:14,259 Posting found and updated
2014-04-12 11:59:14,276 Posting found and updated
2014-04-12 11:59:14,293 Posting found and updated
2014-04-12 11:59:14,309 Posting found and updated
2014-04-12 11:59:14,325 Posting found and updated
2014-04-12 11:59:14,342 Posting found and updated
2014-04-12 11:59:14,358 Posting found and updated
2014-04-12 11:59:14,375 Posting found and updated
2014-04-12 11:59:14,391 Posting found and updated
2014-04-12 11:59:14,408 Posting found and updated
2014-04-12 11:59:14,424 Posting found and updated
2014-04-12 11:59:14,441 Posting found and updated
2014-04-12 11:59:14,458 Posting found and updated
2014-04-12 11:59:14,474 Posting found and updated
2014-04-12 11:59:14,491 Posting found and updated
2014-04-12 11:59:14,507 Posting found and updated
2014-04-12 11:59:14,524 Posting found and updated
2014-04-12 11:59:14,540 Posting found and updated
2014-04-12 11:59:14,557 Posting found and updated
2014-04-12 11:59:14,573 Posting found and updated
2014-04-12 11:59:14,590 Posting found and updated
2014-04-12 11:59:14,606 Posting found and updated
2014-04-12 11:59:14,609 URL: http://seattle.craigslist.org/search/cta?catAbb=cta&query=+Jeep+Wrangler+Unlimited&minAsk=25000&maxAsk=40000&autoMinYear=2012&autoMaxYear=2014&hasPic=1&format=rss
2014-04-12 11:59:15,510 Document retrieved from craigslist with 25 entries
2014-04-12 11:59:15,530 Posting found and updated
2014-04-12 11:59:15,547 Posting found and updated
2014-04-12 11:59:15,563 Posting found and updated
2014-04-12 11:59:15,580 Posting found and updated
2014-04-12 11:59:15,596 Posting found and updated
2014-04-12 11:59:15,613 Posting found and updated
2014-04-12 11:59:15,629 Posting found and updated
2014-04-12 11:59:15,646 Posting found and updated
2014-04-12 11:59:15,662 Posting found and updated
2014-04-12 11:59:15,679 Posting found and updated
2014-04-12 11:59:15,695 Posting found and updated
2014-04-12 11:59:15,712 Posting found and updated
2014-04-12 11:59:15,728 Posting found and updated
2014-04-12 11:59:15,745 Posting found and updated
2014-04-12 11:59:15,761 Posting found and updated
2014-04-12 11:59:15,778 Posting found and updated
2014-04-12 11:59:15,794 Posting found and updated
2014-04-12 11:59:15,811 Posting found and updated
2014-04-12 11:59:15,827 Posting found and updated
2014-04-12 11:59:15,844 Posting found and updated
2014-04-12 11:59:15,860 Posting found and updated
2014-04-12 11:59:15,877 Posting found and updated
2014-04-12 11:59:15,893 Posting found and updated
2014-04-12 11:59:15,910 Posting found and updated
2014-04-12 11:59:15,926 Posting found and updated
2014-04-12 11:59:15,929 Search: toyota tacoma 
2014-04-12 11:59:15,931 URL: http://atlanta.craigslist.org/search/cto?catAbb=cto&query=+toyota+tacoma&maxAsk=12000&autoMinYear=2004&srchType=T&format=rss
2014-04-12 11:59:16,376 Document retrieved from craigslist with 21 entries
2014-04-12 11:59:16,397 Posting found and updated
2014-04-12 11:59:16,413 Posting found and updated
2014-04-12 11:59:16,430 Posting found and updated
2014-04-12 11:59:16,446 Posting found and updated
2014-04-12 11:59:16,463 Posting found and updated
2014-04-12 11:59:16,479 Posting found and updated
2014-04-12 11:59:16,496 Posting found and updated
2014-04-12 11:59:16,512 Posting found and updated
2014-04-12 11:59:16,529 Posting found and updated
2014-04-12 11:59:16,545 Posting found and updated
2014-04-12 11:59:16,562 Posting found and updated
2014-04-12 11:59:16,578 Posting found and updated
2014-04-12 11:59:16,595 Posting found and updated
2014-04-12 11:59:16,611 Posting found and updated
2014-04-12 11:59:16,628 Posting found and updated
2014-04-12 11:59:16,644 Posting found and updated
2014-04-12 11:59:16,661 Posting found and updated
2014-04-12 11:59:16,677 Posting found and updated
2014-04-12 11:59:16,694 Posting found and updated
2014-04-12 11:59:16,710 Posting found and updated
2014-04-12 11:59:16,727 Posting found and updated
2014-04-12 11:59:16,730 URL: http://boston.craigslist.org/search/cto?catAbb=cto&query=+toyota+tacoma&maxAsk=12000&autoMinYear=2004&srchType=T&format=rss
2014-04-12 11:59:17,132 Document retrieved from craigslist with 3 entries
2014-04-12 11:59:17,148 Posting found and updated
2014-04-12 11:59:17,164 Posting found and updated
2014-04-12 11:59:17,181 Posting found and updated
