2014-04-19 11:47:34,985 /Users/sridhar/Documents/python_workspace/carmarketvalues/registration/urls.py:13: DeprecationWarning: include('registration.urls') is deprecated; use include('registration.backends.default.urls') instead.
  DeprecationWarning)

2014-04-19 11:48:04,759 search model is honda civic 
2014-04-19 11:48:04,763 region: seattle
2014-04-19 11:48:04,763 URL: http://seattle.craigslist.org/search/cta?catAbb=cta&query=+honda+civic&minAsk=2000&maxAsk=15000&autoMinYear=1990&autoMaxYear=2014&format=rss
2014-04-19 11:48:05,173 Document retrieved from craigslist with 25 entries
2014-04-19 11:48:05,173 6995-2002-http://seattle.craigslist.org/see/ctd/4430514139.html-2002 MERCEDES ML500,FULLY LOADED,SUPER CLEAN,CLEAN TITLE,E-Z FINANCE! $6995
2014-04-19 11:48:05,178 New posting created
2014-04-19 11:48:05,185 1
2014-04-19 11:48:05,187 2002 MERCEDES ML500,FULLY LOADED,SUPER CLEAN,CLEAN TITLE,E-Z FINANCE! $6995 (2014-04-19)
2014-04-19 11:48:05,187 4499-2000-http://seattle.craigslist.org/tac/ctd/4430502095.html-2000 HONDA CIVIC SILVER (S TACOMA WAY) $4499
2014-04-19 11:48:05,190 New posting created
2014-04-19 11:48:05,193 2
2014-04-19 11:48:05,193 2002 MERCEDES ML500,FULLY LOADED,SUPER CLEAN,CLEAN TITLE,E-Z FINANCE! $6995 (2014-04-19)
2014-04-19 11:48:05,194 2000 HONDA CIVIC SILVER (S TACOMA WAY) $4499 (2014-04-19)
2014-04-19 11:48:05,194 3500-2002-http://seattle.craigslist.org/est/cto/4430473854.html-Excellent 2002 Ford Taurus Only 79k miles! (Bellevue) $3500
2014-04-19 11:48:05,198 New posting created
2014-04-19 11:48:05,203 3
2014-04-19 11:48:05,204 2002 MERCEDES ML500,FULLY LOADED,SUPER CLEAN,CLEAN TITLE,E-Z FINANCE! $6995 (2014-04-19)
2014-04-19 11:48:05,204 2000 HONDA CIVIC SILVER (S TACOMA WAY) $4499 (2014-04-19)
2014-04-19 11:48:05,204 Excellent 2002 Ford Taurus Only 79k miles! (Bellevue) $3500 (2014-04-19)
2014-04-19 11:48:05,204 5400-2002-http://seattle.craigslist.org/tac/cto/4402337718.html-2002 Honda Civic EX (Tacoma) $5400
2014-04-19 11:48:05,207 New posting created
2014-04-19 11:48:05,209 4
2014-04-19 11:48:05,210 2002 MERCEDES ML500,FULLY LOADED,SUPER CLEAN,CLEAN TITLE,E-Z FINANCE! $6995 (2014-04-19)
2014-04-19 11:48:05,210 2000 HONDA CIVIC SILVER (S TACOMA WAY) $4499 (2014-04-19)
2014-04-19 11:48:05,210 Excellent 2002 Ford Taurus Only 79k miles! (Bellevue) $3500 (2014-04-19)
2014-04-19 11:48:05,211 2002 Honda Civic EX (Tacoma) $5400 (2014-04-19)
2014-04-19 11:48:05,211 3900-1997-http://seattle.craigslist.org/skc/cto/4425240704.html-1997 Honda Civic DX Hatchback 106,XXX original miles (Auburn) $3900
2014-04-19 11:48:05,215 New posting created
2014-04-19 11:48:05,221 5
2014-04-19 11:48:05,222 2002 MERCEDES ML500,FULLY LOADED,SUPER CLEAN,CLEAN TITLE,E-Z FINANCE! $6995 (2014-04-19)
2014-04-19 11:48:05,222 2000 HONDA CIVIC SILVER (S TACOMA WAY) $4499 (2014-04-19)
2014-04-19 11:48:05,222 Excellent 2002 Ford Taurus Only 79k miles! (Bellevue) $3500 (2014-04-19)
2014-04-19 11:48:05,222 2002 Honda Civic EX (Tacoma) $5400 (2014-04-19)
2014-04-19 11:48:05,222 1997 Honda Civic DX Hatchback 106,XXX original miles (Auburn) $3900 (2014-04-19)
2014-04-19 11:48:05,223 3500-2001-http://seattle.craigslist.org/see/cto/4426614341.html-2001 volvo s60 2.4Turbo (vancouver WA) $3500
2014-04-19 11:48:05,225 New posting created
2014-04-19 11:48:05,230 6
2014-04-19 11:48:05,231 2002 MERCEDES ML500,FULLY LOADED,SUPER CLEAN,CLEAN TITLE,E-Z FINANCE! $6995 (2014-04-19)
2014-04-19 11:48:05,231 2000 HONDA CIVIC SILVER (S TACOMA WAY) $4499 (2014-04-19)
2014-04-19 11:48:05,232 Excellent 2002 Ford Taurus Only 79k miles! (Bellevue) $3500 (2014-04-19)
2014-04-19 11:48:05,232 2002 Honda Civic EX (Tacoma) $5400 (2014-04-19)
2014-04-19 11:48:05,232 1997 Honda Civic DX Hatchback 106,XXX original miles (Auburn) $3900 (2014-04-19)
2014-04-19 11:48:05,232 2001 volvo s60 2.4Turbo (vancouver WA) $3500 (2014-04-19)
2014-04-19 11:48:05,232 5600-2002-http://seattle.craigslist.org/see/cto/4404707222.html-2002 volvo s60 85k miles (Vancouver WA) $5600
2014-04-19 11:48:05,236 New posting created
2014-04-19 11:48:05,241 7
2014-04-19 11:48:05,242 2002 MERCEDES ML500,FULLY LOADED,SUPER CLEAN,CLEAN TITLE,E-Z FINANCE! $6995 (2014-04-19)
2014-04-19 11:48:05,242 2000 HONDA CIVIC SILVER (S TACOMA WAY) $4499 (2014-04-19)
2014-04-19 11:48:05,242 Excellent 2002 Ford Taurus Only 79k miles! (Bellevue) $3500 (2014-04-19)
2014-04-19 11:48:05,242 2002 Honda Civic EX (Tacoma) $5400 (2014-04-19)
2014-04-19 11:48:05,242 1997 Honda Civic DX Hatchback 106,XXX original miles (Auburn) $3900 (2014-04-19)
2014-04-19 11:48:05,242 2001 volvo s60 2.4Turbo (vancouver WA) $3500 (2014-04-19)
2014-04-19 11:48:05,242 2002 volvo s60 85k miles (Vancouver WA) $5600 (2014-04-19)
2014-04-19 11:48:05,242 4995-2000-http://seattle.craigslist.org/sno/ctd/4430475345.html-2000 Honda Civic HX Clean Carfax!!! Gas Saver!! (Lake stevens) $4995
2014-04-19 11:48:05,244 New posting created
2014-04-19 11:48:05,247 8
2014-04-19 11:48:05,248 2002 MERCEDES ML500,FULLY LOADED,SUPER CLEAN,CLEAN TITLE,E-Z FINANCE! $6995 (2014-04-19)
2014-04-19 11:48:05,248 2000 HONDA CIVIC SILVER (S TACOMA WAY) $4499 (2014-04-19)
2014-04-19 11:48:05,248 Excellent 2002 Ford Taurus Only 79k miles! (Bellevue) $3500 (2014-04-19)
2014-04-19 11:48:05,248 2002 Honda Civic EX (Tacoma) $5400 (2014-04-19)
2014-04-19 11:48:05,249 1997 Honda Civic DX Hatchback 106,XXX original miles (Auburn) $3900 (2014-04-19)
2014-04-19 11:48:05,249 2001 volvo s60 2.4Turbo (vancouver WA) $3500 (2014-04-19)
2014-04-19 11:48:05,249 2002 volvo s60 85k miles (Vancouver WA) $5600 (2014-04-19)
2014-04-19 11:48:05,249 2000 Honda Civic HX Clean Carfax!!! Gas Saver!! (Lake stevens) $4995 (2014-04-19)
2014-04-19 11:48:05,249 3999-1998-http://seattle.craigslist.org/tac/ctd/4430474484.html-1998 HONDA CIVIC MAROON (S TACOMA WAY) $3999
2014-04-19 11:48:05,253 New posting created
2014-04-19 11:48:05,256 9
2014-04-19 11:48:05,257 2002 MERCEDES ML500,FULLY LOADED,SUPER CLEAN,CLEAN TITLE,E-Z FINANCE! $6995 (2014-04-19)
2014-04-19 11:48:05,257 2000 HONDA CIVIC SILVER (S TACOMA WAY) $4499 (2014-04-19)
2014-04-19 11:48:05,257 Excellent 2002 Ford Taurus Only 79k miles! (Bellevue) $3500 (2014-04-19)
2014-04-19 11:48:05,257 2002 Honda Civic EX (Tacoma) $5400 (2014-04-19)
2014-04-19 11:48:05,257 1997 Honda Civic DX Hatchback 106,XXX original miles (Auburn) $3900 (2014-04-19)
2014-04-19 11:48:05,257 2001 volvo s60 2.4Turbo (vancouver WA) $3500 (2014-04-19)
2014-04-19 11:48:05,257 2002 volvo s60 85k miles (Vancouver WA) $5600 (2014-04-19)
2014-04-19 11:48:05,257 2000 Honda Civic HX Clean Carfax!!! Gas Saver!! (Lake stevens) $4995 (2014-04-19)
2014-04-19 11:48:05,257 1998 HONDA CIVIC MAROON (S TACOMA WAY) $3999 (2014-04-19)
2014-04-19 11:48:05,257 4299-None-http://seattle.craigslist.org/tac/ctd/4430471117.html-honda civic ex black (tacoma) $4299
2014-04-19 11:48:05,259 New posting created
2014-04-19 11:48:05,262 10
2014-04-19 11:48:05,262 2002 MERCEDES ML500,FULLY LOADED,SUPER CLEAN,CLEAN TITLE,E-Z FINANCE! $6995 (2014-04-19)
2014-04-19 11:48:05,262 2000 HONDA CIVIC SILVER (S TACOMA WAY) $4499 (2014-04-19)
2014-04-19 11:48:05,262 Excellent 2002 Ford Taurus Only 79k miles! (Bellevue) $3500 (2014-04-19)
2014-04-19 11:48:05,263 2002 Honda Civic EX (Tacoma) $5400 (2014-04-19)
2014-04-19 11:48:05,263 1997 Honda Civic DX Hatchback 106,XXX original miles (Auburn) $3900 (2014-04-19)
2014-04-19 11:48:05,263 2001 volvo s60 2.4Turbo (vancouver WA) $3500 (2014-04-19)
2014-04-19 11:48:05,263 2002 volvo s60 85k miles (Vancouver WA) $5600 (2014-04-19)
2014-04-19 11:48:05,263 2000 Honda Civic HX Clean Carfax!!! Gas Saver!! (Lake stevens) $4995 (2014-04-19)
2014-04-19 11:48:05,263 1998 HONDA CIVIC MAROON (S TACOMA WAY) $3999 (2014-04-19)
2014-04-19 11:48:05,263 honda civic ex black (tacoma) $4299 (2014-04-19)
2014-04-19 11:48:05,263 7950-2004-http://seattle.craigslist.org/skc/ctd/4430466348.html-2004 Honda Civic LX BLUE Clean Sedan/AMAZING MPG TOO! (HONDA CIVIC LX SEDANS  206-745-7425) $7950
2014-04-19 11:48:05,266 New posting created
2014-04-19 11:48:05,269 11
2014-04-19 11:48:05,270 2004 Honda Civic LX BLUE Clean Sedan/AMAZING MPG TOO! (HONDA CIVIC LX SEDANS  206-745-7425) $7950 (2014-04-19)
2014-04-19 11:48:05,270 2002 MERCEDES ML500,FULLY LOADED,SUPER CLEAN,CLEAN TITLE,E-Z FINANCE! $6995 (2014-04-19)
2014-04-19 11:48:05,270 2000 HONDA CIVIC SILVER (S TACOMA WAY) $4499 (2014-04-19)
2014-04-19 11:48:05,270 Excellent 2002 Ford Taurus Only 79k miles! (Bellevue) $3500 (2014-04-19)
2014-04-19 11:48:05,270 2002 Honda Civic EX (Tacoma) $5400 (2014-04-19)
2014-04-19 11:48:05,271 1997 Honda Civic DX Hatchback 106,XXX original miles (Auburn) $3900 (2014-04-19)
2014-04-19 11:48:05,271 2001 volvo s60 2.4Turbo (vancouver WA) $3500 (2014-04-19)
2014-04-19 11:48:05,271 2002 volvo s60 85k miles (Vancouver WA) $5600 (2014-04-19)
2014-04-19 11:48:05,271 2000 Honda Civic HX Clean Carfax!!! Gas Saver!! (Lake stevens) $4995 (2014-04-19)
2014-04-19 11:48:05,271 1998 HONDA CIVIC MAROON (S TACOMA WAY) $3999 (2014-04-19)
2014-04-19 11:48:05,271 honda civic ex black (tacoma) $4299 (2014-04-19)
2014-04-19 11:48:05,271 2950-1995-http://seattle.craigslist.org/est/cto/4430454450.html-1995 Red Honda Civic DX (Duvall) $2950
2014-04-19 11:48:05,273 New posting created
2014-04-19 11:48:05,275 12
2014-04-19 11:48:05,276 2004 Honda Civic LX BLUE Clean Sedan/AMAZING MPG TOO! (HONDA CIVIC LX SEDANS  206-745-7425) $7950 (2014-04-19)
2014-04-19 11:48:05,276 1995 Red Honda Civic DX (Duvall) $2950 (2014-04-19)
2014-04-19 11:48:05,276 2002 MERCEDES ML500,FULLY LOADED,SUPER CLEAN,CLEAN TITLE,E-Z FINANCE! $6995 (2014-04-19)
2014-04-19 11:48:05,277 2000 HONDA CIVIC SILVER (S TACOMA WAY) $4499 (2014-04-19)
2014-04-19 11:48:05,277 Excellent 2002 Ford Taurus Only 79k miles! (Bellevue) $3500 (2014-04-19)
2014-04-19 11:48:05,277 2002 Honda Civic EX (Tacoma) $5400 (2014-04-19)
2014-04-19 11:48:05,277 1997 Honda Civic DX Hatchback 106,XXX original miles (Auburn) $3900 (2014-04-19)
2014-04-19 11:48:05,277 2001 volvo s60 2.4Turbo (vancouver WA) $3500 (2014-04-19)
2014-04-19 11:48:05,277 2002 volvo s60 85k miles (Vancouver WA) $5600 (2014-04-19)
2014-04-19 11:48:05,277 2000 Honda Civic HX Clean Carfax!!! Gas Saver!! (Lake stevens) $4995 (2014-04-19)
2014-04-19 11:48:05,277 1998 HONDA CIVIC MAROON (S TACOMA WAY) $3999 (2014-04-19)
2014-04-19 11:48:05,277 honda civic ex black (tacoma) $4299 (2014-04-19)
2014-04-19 11:48:05,278 13888-2009-http://seattle.craigslist.org/see/ctd/4430450586.html-2009 Honda Civic Hybrid 4DR SDN HYB CVS (Chaplins Bellevue VW) $13888
2014-04-19 11:48:05,280 New posting created
2014-04-19 11:48:05,283 13
2014-04-19 11:48:05,284 2004 Honda Civic LX BLUE Clean Sedan/AMAZING MPG TOO! (HONDA CIVIC LX SEDANS  206-745-7425) $7950 (2014-04-19)
2014-04-19 11:48:05,284 1995 Red Honda Civic DX (Duvall) $2950 (2014-04-19)
2014-04-19 11:48:05,284 2009 Honda Civic Hybrid 4DR SDN HYB CVS (Chaplins Bellevue VW) $13888 (2014-04-19)
2014-04-19 11:48:05,284 2002 MERCEDES ML500,FULLY LOADED,SUPER CLEAN,CLEAN TITLE,E-Z FINANCE! $6995 (2014-04-19)
2014-04-19 11:48:05,284 2000 HONDA CIVIC SILVER (S TACOMA WAY) $4499 (2014-04-19)
2014-04-19 11:48:05,284 Excellent 2002 Ford Taurus Only 79k miles! (Bellevue) $3500 (2014-04-19)
2014-04-19 11:48:05,284 2002 Honda Civic EX (Tacoma) $5400 (2014-04-19)
2014-04-19 11:48:05,284 1997 Honda Civic DX Hatchback 106,XXX original miles (Auburn) $3900 (2014-04-19)
2014-04-19 11:48:05,284 2001 volvo s60 2.4Turbo (vancouver WA) $3500 (2014-04-19)
2014-04-19 11:48:05,284 2002 volvo s60 85k miles (Vancouver WA) $5600 (2014-04-19)
2014-04-19 11:48:05,284 2000 Honda Civic HX Clean Carfax!!! Gas Saver!! (Lake stevens) $4995 (2014-04-19)
2014-04-19 11:48:05,284 1998 HONDA CIVIC MAROON (S TACOMA WAY) $3999 (2014-04-19)
2014-04-19 11:48:05,284 honda civic ex black (tacoma) $4299 (2014-04-19)
2014-04-19 11:48:05,285 13991-2010-http://seattle.craigslist.org/see/ctd/4430449546.html-2010 Honda Civic  Car  LX Sedan 4D (Rare Sales Event! Must See! Click Here!) $13991
2014-04-19 11:48:05,286 New posting created
2014-04-19 11:48:05,289 14
2014-04-19 11:48:05,290 2004 Honda Civic LX BLUE Clean Sedan/AMAZING MPG TOO! (HONDA CIVIC LX SEDANS  206-745-7425) $7950 (2014-04-19)
2014-04-19 11:48:05,290 1995 Red Honda Civic DX (Duvall) $2950 (2014-04-19)
2014-04-19 11:48:05,290 2009 Honda Civic Hybrid 4DR SDN HYB CVS (Chaplins Bellevue VW) $13888 (2014-04-19)
2014-04-19 11:48:05,290 2010 Honda Civic  Car  LX Sedan 4D (Rare Sales Event! Must See! Click Here!) $13991 (2014-04-19)
2014-04-19 11:48:05,291 2002 MERCEDES ML500,FULLY LOADED,SUPER CLEAN,CLEAN TITLE,E-Z FINANCE! $6995 (2014-04-19)
2014-04-19 11:48:05,291 2000 HONDA CIVIC SILVER (S TACOMA WAY) $4499 (2014-04-19)
2014-04-19 11:48:05,291 Excellent 2002 Ford Taurus Only 79k miles! (Bellevue) $3500 (2014-04-19)
2014-04-19 11:48:05,291 2002 Honda Civic EX (Tacoma) $5400 (2014-04-19)
2014-04-19 11:48:05,291 1997 Honda Civic DX Hatchback 106,XXX original miles (Auburn) $3900 (2014-04-19)
2014-04-19 11:48:05,291 2001 volvo s60 2.4Turbo (vancouver WA) $3500 (2014-04-19)
2014-04-19 11:48:05,291 2002 volvo s60 85k miles (Vancouver WA) $5600 (2014-04-19)
2014-04-19 11:48:05,291 2000 Honda Civic HX Clean Carfax!!! Gas Saver!! (Lake stevens) $4995 (2014-04-19)
2014-04-19 11:48:05,291 1998 HONDA CIVIC MAROON (S TACOMA WAY) $3999 (2014-04-19)
2014-04-19 11:48:05,291 honda civic ex black (tacoma) $4299 (2014-04-19)
2014-04-19 11:48:05,291 8000-2006-http://seattle.craigslist.org/see/cto/4420245647.html-Honda Civic Hybrid 2006 (Seattle) $8000
2014-04-19 11:48:05,294 New posting created
2014-04-19 11:48:05,296 15
2014-04-19 11:48:05,297 2004 Honda Civic LX BLUE Clean Sedan/AMAZING MPG TOO! (HONDA CIVIC LX SEDANS  206-745-7425) $7950 (2014-04-19)
2014-04-19 11:48:05,297 1995 Red Honda Civic DX (Duvall) $2950 (2014-04-19)
2014-04-19 11:48:05,297 2009 Honda Civic Hybrid 4DR SDN HYB CVS (Chaplins Bellevue VW) $13888 (2014-04-19)
2014-04-19 11:48:05,297 2010 Honda Civic  Car  LX Sedan 4D (Rare Sales Event! Must See! Click Here!) $13991 (2014-04-19)
2014-04-19 11:48:05,297 Honda Civic Hybrid 2006 (Seattle) $8000 (2014-04-19)
2014-04-19 11:48:05,297 2002 MERCEDES ML500,FULLY LOADED,SUPER CLEAN,CLEAN TITLE,E-Z FINANCE! $6995 (2014-04-19)
2014-04-19 11:48:05,298 2000 HONDA CIVIC SILVER (S TACOMA WAY) $4499 (2014-04-19)
2014-04-19 11:48:05,298 Excellent 2002 Ford Taurus Only 79k miles! (Bellevue) $3500 (2014-04-19)
2014-04-19 11:48:05,298 2002 Honda Civic EX (Tacoma) $5400 (2014-04-19)
2014-04-19 11:48:05,298 1997 Honda Civic DX Hatchback 106,XXX original miles (Auburn) $3900 (2014-04-19)
2014-04-19 11:48:05,298 2001 volvo s60 2.4Turbo (vancouver WA) $3500 (2014-04-19)
2014-04-19 11:48:05,298 2002 volvo s60 85k miles (Vancouver WA) $5600 (2014-04-19)
2014-04-19 11:48:05,298 2000 Honda Civic HX Clean Carfax!!! Gas Saver!! (Lake stevens) $4995 (2014-04-19)
2014-04-19 11:48:05,298 1998 HONDA CIVIC MAROON (S TACOMA WAY) $3999 (2014-04-19)
2014-04-19 11:48:05,298 honda civic ex black (tacoma) $4299 (2014-04-19)
2014-04-19 11:48:05,298 5995-2004-http://seattle.craigslist.org/see/ctd/4430433855.html-2004 Honda Civic Coupe VP - Automatic, Air Conditioning, Clean Title (Seattle) $5995
2014-04-19 11:48:05,301 New posting created
2014-04-19 11:48:05,304 16
2014-04-19 11:48:05,305 2004 Honda Civic LX BLUE Clean Sedan/AMAZING MPG TOO! (HONDA CIVIC LX SEDANS  206-745-7425) $7950 (2014-04-19)
2014-04-19 11:48:05,305 1995 Red Honda Civic DX (Duvall) $2950 (2014-04-19)
2014-04-19 11:48:05,305 2009 Honda Civic Hybrid 4DR SDN HYB CVS (Chaplins Bellevue VW) $13888 (2014-04-19)
2014-04-19 11:48:05,305 2010 Honda Civic  Car  LX Sedan 4D (Rare Sales Event! Must See! Click Here!) $13991 (2014-04-19)
2014-04-19 11:48:05,305 Honda Civic Hybrid 2006 (Seattle) $8000 (2014-04-19)
2014-04-19 11:48:05,305 2002 MERCEDES ML500,FULLY LOADED,SUPER CLEAN,CLEAN TITLE,E-Z FINANCE! $6995 (2014-04-19)
2014-04-19 11:48:05,305 2000 HONDA CIVIC SILVER (S TACOMA WAY) $4499 (2014-04-19)
2014-04-19 11:48:05,305 Excellent 2002 Ford Taurus Only 79k miles! (Bellevue) $3500 (2014-04-19)
2014-04-19 11:48:05,305 2002 Honda Civic EX (Tacoma) $5400 (2014-04-19)
2014-04-19 11:48:05,305 1997 Honda Civic DX Hatchback 106,XXX original miles (Auburn) $3900 (2014-04-19)
2014-04-19 11:48:05,306 2001 volvo s60 2.4Turbo (vancouver WA) $3500 (2014-04-19)
2014-04-19 11:48:05,306 2002 volvo s60 85k miles (Vancouver WA) $5600 (2014-04-19)
2014-04-19 11:48:05,306 2000 Honda Civic HX Clean Carfax!!! Gas Saver!! (Lake stevens) $4995 (2014-04-19)
2014-04-19 11:48:05,306 1998 HONDA CIVIC MAROON (S TACOMA WAY) $3999 (2014-04-19)
2014-04-19 11:48:05,306 honda civic ex black (tacoma) $4299 (2014-04-19)
2014-04-19 11:48:05,306 2004 Honda Civic Coupe VP - Automatic, Air Conditioning, Clean Title (Seattle) $5995 (2014-04-19)
2014-04-19 11:48:05,306 8495-2003-http://seattle.craigslist.org/see/ctd/4430430170.html-2003 Honda Civic 4dr Sdn Hybrid Manual (Seattle 425-971-2217) $8495
2014-04-19 11:48:05,308 New posting created
2014-04-19 11:48:05,311 17
2014-04-19 11:48:05,312 2004 Honda Civic LX BLUE Clean Sedan/AMAZING MPG TOO! (HONDA CIVIC LX SEDANS  206-745-7425) $7950 (2014-04-19)
2014-04-19 11:48:05,312 1995 Red Honda Civic DX (Duvall) $2950 (2014-04-19)
2014-04-19 11:48:05,312 2009 Honda Civic Hybrid 4DR SDN HYB CVS (Chaplins Bellevue VW) $13888 (2014-04-19)
2014-04-19 11:48:05,312 2010 Honda Civic  Car  LX Sedan 4D (Rare Sales Event! Must See! Click Here!) $13991 (2014-04-19)
2014-04-19 11:48:05,312 Honda Civic Hybrid 2006 (Seattle) $8000 (2014-04-19)
2014-04-19 11:48:05,312 2002 MERCEDES ML500,FULLY LOADED,SUPER CLEAN,CLEAN TITLE,E-Z FINANCE! $6995 (2014-04-19)
2014-04-19 11:48:05,312 2000 HONDA CIVIC SILVER (S TACOMA WAY) $4499 (2014-04-19)
2014-04-19 11:48:05,312 Excellent 2002 Ford Taurus Only 79k miles! (Bellevue) $3500 (2014-04-19)
2014-04-19 11:48:05,312 2002 Honda Civic EX (Tacoma) $5400 (2014-04-19)
2014-04-19 11:48:05,312 1997 Honda Civic DX Hatchback 106,XXX original miles (Auburn) $3900 (2014-04-19)
2014-04-19 11:48:05,312 2001 volvo s60 2.4Turbo (vancouver WA) $3500 (2014-04-19)
2014-04-19 11:48:05,312 2002 volvo s60 85k miles (Vancouver WA) $5600 (2014-04-19)
2014-04-19 11:48:05,312 2000 Honda Civic HX Clean Carfax!!! Gas Saver!! (Lake stevens) $4995 (2014-04-19)
2014-04-19 11:48:05,312 1998 HONDA CIVIC MAROON (S TACOMA WAY) $3999 (2014-04-19)
2014-04-19 11:48:05,312 honda civic ex black (tacoma) $4299 (2014-04-19)
2014-04-19 11:48:05,312 2004 Honda Civic Coupe VP - Automatic, Air Conditioning, Clean Title (Seattle) $5995 (2014-04-19)
2014-04-19 11:48:05,312 2003 Honda Civic 4dr Sdn Hybrid Manual (Seattle 425-971-2217) $8495 (2014-04-19)
2014-04-19 11:48:05,312 2795-2001-http://seattle.craigslist.org/see/ctd/4430422069.html-2001 Hyundai Elantra GLS 5 Speed Great Mileage Fuel Efficient  (Kenmore) $2795
2014-04-19 11:48:05,314 New posting created
2014-04-19 11:48:05,317 18
2014-04-19 11:48:05,319 2004 Honda Civic LX BLUE Clean Sedan/AMAZING MPG TOO! (HONDA CIVIC LX SEDANS  206-745-7425) $7950 (2014-04-19)
2014-04-19 11:48:05,319 1995 Red Honda Civic DX (Duvall) $2950 (2014-04-19)
2014-04-19 11:48:05,319 2009 Honda Civic Hybrid 4DR SDN HYB CVS (Chaplins Bellevue VW) $13888 (2014-04-19)
2014-04-19 11:48:05,319 2010 Honda Civic  Car  LX Sedan 4D (Rare Sales Event! Must See! Click Here!) $13991 (2014-04-19)
2014-04-19 11:48:05,319 Honda Civic Hybrid 2006 (Seattle) $8000 (2014-04-19)
2014-04-19 11:48:05,319 2002 MERCEDES ML500,FULLY LOADED,SUPER CLEAN,CLEAN TITLE,E-Z FINANCE! $6995 (2014-04-19)
2014-04-19 11:48:05,319 2000 HONDA CIVIC SILVER (S TACOMA WAY) $4499 (2014-04-19)
2014-04-19 11:48:05,319 Excellent 2002 Ford Taurus Only 79k miles! (Bellevue) $3500 (2014-04-19)
2014-04-19 11:48:05,319 2002 Honda Civic EX (Tacoma) $5400 (2014-04-19)
2014-04-19 11:48:05,320 1997 Honda Civic DX Hatchback 106,XXX original miles (Auburn) $3900 (2014-04-19)
2014-04-19 11:48:05,320 2001 volvo s60 2.4Turbo (vancouver WA) $3500 (2014-04-19)
2014-04-19 11:48:05,320 2002 volvo s60 85k miles (Vancouver WA) $5600 (2014-04-19)
2014-04-19 11:48:05,320 2000 Honda Civic HX Clean Carfax!!! Gas Saver!! (Lake stevens) $4995 (2014-04-19)
2014-04-19 11:48:05,320 1998 HONDA CIVIC MAROON (S TACOMA WAY) $3999 (2014-04-19)
2014-04-19 11:48:05,320 honda civic ex black (tacoma) $4299 (2014-04-19)
2014-04-19 11:48:05,320 2004 Honda Civic Coupe VP - Automatic, Air Conditioning, Clean Title (Seattle) $5995 (2014-04-19)
2014-04-19 11:48:05,320 2003 Honda Civic 4dr Sdn Hybrid Manual (Seattle 425-971-2217) $8495 (2014-04-19)
2014-04-19 11:48:05,320 2001 Hyundai Elantra GLS 5 Speed Great Mileage Fuel Efficient  (Kenmore) $2795 (2014-04-19)
2014-04-19 11:48:05,320 3495-2003-http://seattle.craigslist.org/see/ctd/4430419732.html-2003 Mitsubishi Lancer ES Auto Great Mileage Fuel Efficient  (Kenmore) $3495
2014-04-19 11:48:05,323 New posting created
2014-04-19 11:48:05,326 19
2014-04-19 11:48:05,326 2004 Honda Civic LX BLUE Clean Sedan/AMAZING MPG TOO! (HONDA CIVIC LX SEDANS  206-745-7425) $7950 (2014-04-19)
2014-04-19 11:48:05,326 1995 Red Honda Civic DX (Duvall) $2950 (2014-04-19)
2014-04-19 11:48:05,327 2009 Honda Civic Hybrid 4DR SDN HYB CVS (Chaplins Bellevue VW) $13888 (2014-04-19)
2014-04-19 11:48:05,327 2010 Honda Civic  Car  LX Sedan 4D (Rare Sales Event! Must See! Click Here!) $13991 (2014-04-19)
2014-04-19 11:48:05,327 Honda Civic Hybrid 2006 (Seattle) $8000 (2014-04-19)
2014-04-19 11:48:05,327 2002 MERCEDES ML500,FULLY LOADED,SUPER CLEAN,CLEAN TITLE,E-Z FINANCE! $6995 (2014-04-19)
2014-04-19 11:48:05,327 2000 HONDA CIVIC SILVER (S TACOMA WAY) $4499 (2014-04-19)
2014-04-19 11:48:05,327 Excellent 2002 Ford Taurus Only 79k miles! (Bellevue) $3500 (2014-04-19)
2014-04-19 11:48:05,327 2002 Honda Civic EX (Tacoma) $5400 (2014-04-19)
2014-04-19 11:48:05,327 1997 Honda Civic DX Hatchback 106,XXX original miles (Auburn) $3900 (2014-04-19)
2014-04-19 11:48:05,327 2001 volvo s60 2.4Turbo (vancouver WA) $3500 (2014-04-19)
2014-04-19 11:48:05,327 2002 volvo s60 85k miles (Vancouver WA) $5600 (2014-04-19)
2014-04-19 11:48:05,327 2000 Honda Civic HX Clean Carfax!!! Gas Saver!! (Lake stevens) $4995 (2014-04-19)
2014-04-19 11:48:05,327 1998 HONDA CIVIC MAROON (S TACOMA WAY) $3999 (2014-04-19)
2014-04-19 11:48:05,327 honda civic ex black (tacoma) $4299 (2014-04-19)
2014-04-19 11:48:05,327 2004 Honda Civic Coupe VP - Automatic, Air Conditioning, Clean Title (Seattle) $5995 (2014-04-19)
2014-04-19 11:48:05,327 2003 Honda Civic 4dr Sdn Hybrid Manual (Seattle 425-971-2217) $8495 (2014-04-19)
2014-04-19 11:48:05,327 2001 Hyundai Elantra GLS 5 Speed Great Mileage Fuel Efficient  (Kenmore) $2795 (2014-04-19)
2014-04-19 11:48:05,327 2003 Mitsubishi Lancer ES Auto Great Mileage Fuel Efficient  (Kenmore) $3495 (2014-04-19)
2014-04-19 11:48:05,328 3995-1998-http://seattle.craigslist.org/see/ctd/4430394120.html-1998 Subaru Outback Legacy All Wheel Drive Great Mileage Bank Repo (Kenmore) $3995
2014-04-19 11:48:05,330 New posting created
2014-04-19 11:48:05,333 20
2014-04-19 11:48:05,334 2004 Honda Civic LX BLUE Clean Sedan/AMAZING MPG TOO! (HONDA CIVIC LX SEDANS  206-745-7425) $7950 (2014-04-19)
2014-04-19 11:48:05,334 1995 Red Honda Civic DX (Duvall) $2950 (2014-04-19)
2014-04-19 11:48:05,334 2009 Honda Civic Hybrid 4DR SDN HYB CVS (Chaplins Bellevue VW) $13888 (2014-04-19)
2014-04-19 11:48:05,334 2010 Honda Civic  Car  LX Sedan 4D (Rare Sales Event! Must See! Click Here!) $13991 (2014-04-19)
2014-04-19 11:48:05,334 Honda Civic Hybrid 2006 (Seattle) $8000 (2014-04-19)
2014-04-19 11:48:05,334 2002 MERCEDES ML500,FULLY LOADED,SUPER CLEAN,CLEAN TITLE,E-Z FINANCE! $6995 (2014-04-19)
2014-04-19 11:48:05,334 2000 HONDA CIVIC SILVER (S TACOMA WAY) $4499 (2014-04-19)
2014-04-19 11:48:05,334 Excellent 2002 Ford Taurus Only 79k miles! (Bellevue) $3500 (2014-04-19)
2014-04-19 11:48:05,335 2002 Honda Civic EX (Tacoma) $5400 (2014-04-19)
2014-04-19 11:48:05,335 1997 Honda Civic DX Hatchback 106,XXX original miles (Auburn) $3900 (2014-04-19)
2014-04-19 11:48:05,335 2001 volvo s60 2.4Turbo (vancouver WA) $3500 (2014-04-19)
2014-04-19 11:48:05,335 2002 volvo s60 85k miles (Vancouver WA) $5600 (2014-04-19)
2014-04-19 11:48:05,335 2000 Honda Civic HX Clean Carfax!!! Gas Saver!! (Lake stevens) $4995 (2014-04-19)
2014-04-19 11:48:05,335 1998 HONDA CIVIC MAROON (S TACOMA WAY) $3999 (2014-04-19)
2014-04-19 11:48:05,335 honda civic ex black (tacoma) $4299 (2014-04-19)
2014-04-19 11:48:05,335 2004 Honda Civic Coupe VP - Automatic, Air Conditioning, Clean Title (Seattle) $5995 (2014-04-19)
2014-04-19 11:48:05,335 2003 Honda Civic 4dr Sdn Hybrid Manual (Seattle 425-971-2217) $8495 (2014-04-19)
2014-04-19 11:48:05,335 2001 Hyundai Elantra GLS 5 Speed Great Mileage Fuel Efficient  (Kenmore) $2795 (2014-04-19)
2014-04-19 11:48:05,335 2003 Mitsubishi Lancer ES Auto Great Mileage Fuel Efficient  (Kenmore) $3495 (2014-04-19)
2014-04-19 11:48:05,335 1998 Subaru Outback Legacy All Wheel Drive Great Mileage Bank Repo (Kenmore) $3995 (2014-04-19)
2014-04-19 11:48:05,336 5995-2008-http://seattle.craigslist.org/see/ctd/4430391798.html-2008 Toyota Corolla CE Auto Fuel Efficient Great Mileage Clean! (Kenmore) $5995
2014-04-19 11:48:05,338 New posting created
2014-04-19 11:48:05,341 21
2014-04-19 11:48:05,342 2004 Honda Civic LX BLUE Clean Sedan/AMAZING MPG TOO! (HONDA CIVIC LX SEDANS  206-745-7425) $7950 (2014-04-19)
2014-04-19 11:48:05,342 1995 Red Honda Civic DX (Duvall) $2950 (2014-04-19)
2014-04-19 11:48:05,342 2009 Honda Civic Hybrid 4DR SDN HYB CVS (Chaplins Bellevue VW) $13888 (2014-04-19)
2014-04-19 11:48:05,342 2010 Honda Civic  Car  LX Sedan 4D (Rare Sales Event! Must See! Click Here!) $13991 (2014-04-19)
2014-04-19 11:48:05,342 Honda Civic Hybrid 2006 (Seattle) $8000 (2014-04-19)
2014-04-19 11:48:05,342 2002 MERCEDES ML500,FULLY LOADED,SUPER CLEAN,CLEAN TITLE,E-Z FINANCE! $6995 (2014-04-19)
2014-04-19 11:48:05,342 2000 HONDA CIVIC SILVER (S TACOMA WAY) $4499 (2014-04-19)
2014-04-19 11:48:05,343 Excellent 2002 Ford Taurus Only 79k miles! (Bellevue) $3500 (2014-04-19)
2014-04-19 11:48:05,343 2002 Honda Civic EX (Tacoma) $5400 (2014-04-19)
2014-04-19 11:48:05,343 1997 Honda Civic DX Hatchback 106,XXX original miles (Auburn) $3900 (2014-04-19)
2014-04-19 11:48:05,343 2001 volvo s60 2.4Turbo (vancouver WA) $3500 (2014-04-19)
2014-04-19 11:48:05,343 2002 volvo s60 85k miles (Vancouver WA) $5600 (2014-04-19)
2014-04-19 11:48:05,343 2000 Honda Civic HX Clean Carfax!!! Gas Saver!! (Lake stevens) $4995 (2014-04-19)
2014-04-19 11:48:05,343 1998 HONDA CIVIC MAROON (S TACOMA WAY) $3999 (2014-04-19)
2014-04-19 11:48:05,343 honda civic ex black (tacoma) $4299 (2014-04-19)
2014-04-19 11:48:05,343 2004 Honda Civic Coupe VP - Automatic, Air Conditioning, Clean Title (Seattle) $5995 (2014-04-19)
2014-04-19 11:48:05,343 2003 Honda Civic 4dr Sdn Hybrid Manual (Seattle 425-971-2217) $8495 (2014-04-19)
2014-04-19 11:48:05,343 2001 Hyundai Elantra GLS 5 Speed Great Mileage Fuel Efficient  (Kenmore) $2795 (2014-04-19)
2014-04-19 11:48:05,343 2003 Mitsubishi Lancer ES Auto Great Mileage Fuel Efficient  (Kenmore) $3495 (2014-04-19)
2014-04-19 11:48:05,343 1998 Subaru Outback Legacy All Wheel Drive Great Mileage Bank Repo (Kenmore) $3995 (2014-04-19)
2014-04-19 11:48:05,344 2008 Toyota Corolla CE Auto Fuel Efficient Great Mileage Clean! (Kenmore) $5995 (2014-04-19)
2014-04-19 11:48:05,344 2995-1993-http://seattle.craigslist.org/see/ctd/4430383610.html-1993 Honda Civic 2dr Coupe 1.5L DX 5-Spd (Seattle 425-971-2217) $2995
2014-04-19 11:48:05,346 New posting created
2014-04-19 11:48:05,349 22
2014-04-19 11:48:05,350 2004 Honda Civic LX BLUE Clean Sedan/AMAZING MPG TOO! (HONDA CIVIC LX SEDANS  206-745-7425) $7950 (2014-04-19)
2014-04-19 11:48:05,350 1995 Red Honda Civic DX (Duvall) $2950 (2014-04-19)
2014-04-19 11:48:05,350 2009 Honda Civic Hybrid 4DR SDN HYB CVS (Chaplins Bellevue VW) $13888 (2014-04-19)
2014-04-19 11:48:05,351 2010 Honda Civic  Car  LX Sedan 4D (Rare Sales Event! Must See! Click Here!) $13991 (2014-04-19)
2014-04-19 11:48:05,351 Honda Civic Hybrid 2006 (Seattle) $8000 (2014-04-19)
2014-04-19 11:48:05,351 2002 MERCEDES ML500,FULLY LOADED,SUPER CLEAN,CLEAN TITLE,E-Z FINANCE! $6995 (2014-04-19)
2014-04-19 11:48:05,351 2000 HONDA CIVIC SILVER (S TACOMA WAY) $4499 (2014-04-19)
2014-04-19 11:48:05,351 Excellent 2002 Ford Taurus Only 79k miles! (Bellevue) $3500 (2014-04-19)
2014-04-19 11:48:05,351 2002 Honda Civic EX (Tacoma) $5400 (2014-04-19)
2014-04-19 11:48:05,351 1997 Honda Civic DX Hatchback 106,XXX original miles (Auburn) $3900 (2014-04-19)
2014-04-19 11:48:05,351 2001 volvo s60 2.4Turbo (vancouver WA) $3500 (2014-04-19)
2014-04-19 11:48:05,351 2002 volvo s60 85k miles (Vancouver WA) $5600 (2014-04-19)
2014-04-19 11:48:05,351 2000 Honda Civic HX Clean Carfax!!! Gas Saver!! (Lake stevens) $4995 (2014-04-19)
2014-04-19 11:48:05,351 1998 HONDA CIVIC MAROON (S TACOMA WAY) $3999 (2014-04-19)
2014-04-19 11:48:05,352 honda civic ex black (tacoma) $4299 (2014-04-19)
2014-04-19 11:48:05,352 2004 Honda Civic Coupe VP - Automatic, Air Conditioning, Clean Title (Seattle) $5995 (2014-04-19)
2014-04-19 11:48:05,352 2003 Honda Civic 4dr Sdn Hybrid Manual (Seattle 425-971-2217) $8495 (2014-04-19)
2014-04-19 11:48:05,352 2001 Hyundai Elantra GLS 5 Speed Great Mileage Fuel Efficient  (Kenmore) $2795 (2014-04-19)
2014-04-19 11:48:05,352 2003 Mitsubishi Lancer ES Auto Great Mileage Fuel Efficient  (Kenmore) $3495 (2014-04-19)
2014-04-19 11:48:05,352 1998 Subaru Outback Legacy All Wheel Drive Great Mileage Bank Repo (Kenmore) $3995 (2014-04-19)
2014-04-19 11:48:05,352 2008 Toyota Corolla CE Auto Fuel Efficient Great Mileage Clean! (Kenmore) $5995 (2014-04-19)
2014-04-19 11:48:05,352 1993 Honda Civic 2dr Coupe 1.5L DX 5-Spd (Seattle 425-971-2217) $2995 (2014-04-19)
2014-04-19 11:48:05,352 3500-1992-http://seattle.craigslist.org/tac/cto/4410878083.html-1992 acura legend coupe (Lakewood) $3500
2014-04-19 11:48:05,355 New posting created
2014-04-19 11:48:05,358 23
2014-04-19 11:48:05,359 2004 Honda Civic LX BLUE Clean Sedan/AMAZING MPG TOO! (HONDA CIVIC LX SEDANS  206-745-7425) $7950 (2014-04-19)
2014-04-19 11:48:05,359 1995 Red Honda Civic DX (Duvall) $2950 (2014-04-19)
2014-04-19 11:48:05,359 2009 Honda Civic Hybrid 4DR SDN HYB CVS (Chaplins Bellevue VW) $13888 (2014-04-19)
2014-04-19 11:48:05,359 2010 Honda Civic  Car  LX Sedan 4D (Rare Sales Event! Must See! Click Here!) $13991 (2014-04-19)
2014-04-19 11:48:05,359 Honda Civic Hybrid 2006 (Seattle) $8000 (2014-04-19)
2014-04-19 11:48:05,359 2002 MERCEDES ML500,FULLY LOADED,SUPER CLEAN,CLEAN TITLE,E-Z FINANCE! $6995 (2014-04-19)
2014-04-19 11:48:05,359 2000 HONDA CIVIC SILVER (S TACOMA WAY) $4499 (2014-04-19)
2014-04-19 11:48:05,359 Excellent 2002 Ford Taurus Only 79k miles! (Bellevue) $3500 (2014-04-19)
2014-04-19 11:48:05,359 2002 Honda Civic EX (Tacoma) $5400 (2014-04-19)
2014-04-19 11:48:05,359 1997 Honda Civic DX Hatchback 106,XXX original miles (Auburn) $3900 (2014-04-19)
2014-04-19 11:48:05,359 2001 volvo s60 2.4Turbo (vancouver WA) $3500 (2014-04-19)
2014-04-19 11:48:05,359 2002 volvo s60 85k miles (Vancouver WA) $5600 (2014-04-19)
2014-04-19 11:48:05,359 2000 Honda Civic HX Clean Carfax!!! Gas Saver!! (Lake stevens) $4995 (2014-04-19)
2014-04-19 11:48:05,360 1998 HONDA CIVIC MAROON (S TACOMA WAY) $3999 (2014-04-19)
2014-04-19 11:48:05,360 honda civic ex black (tacoma) $4299 (2014-04-19)
2014-04-19 11:48:05,360 2004 Honda Civic Coupe VP - Automatic, Air Conditioning, Clean Title (Seattle) $5995 (2014-04-19)
2014-04-19 11:48:05,360 2003 Honda Civic 4dr Sdn Hybrid Manual (Seattle 425-971-2217) $8495 (2014-04-19)
2014-04-19 11:48:05,360 2001 Hyundai Elantra GLS 5 Speed Great Mileage Fuel Efficient  (Kenmore) $2795 (2014-04-19)
2014-04-19 11:48:05,360 2003 Mitsubishi Lancer ES Auto Great Mileage Fuel Efficient  (Kenmore) $3495 (2014-04-19)
2014-04-19 11:48:05,360 1998 Subaru Outback Legacy All Wheel Drive Great Mileage Bank Repo (Kenmore) $3995 (2014-04-19)
2014-04-19 11:48:05,360 2008 Toyota Corolla CE Auto Fuel Efficient Great Mileage Clean! (Kenmore) $5995 (2014-04-19)
2014-04-19 11:48:05,360 1993 Honda Civic 2dr Coupe 1.5L DX 5-Spd (Seattle 425-971-2217) $2995 (2014-04-19)
2014-04-19 11:48:05,360 1992 acura legend coupe (Lakewood) $3500 (2014-04-19)
2014-04-19 11:48:05,360 4900-2001-http://seattle.craigslist.org/oly/cto/4424468297.html-Honda Civic 2001 $4900
2014-04-19 11:48:05,362 New posting created
2014-04-19 11:48:05,364 24
2014-04-19 11:48:05,366 2004 Honda Civic LX BLUE Clean Sedan/AMAZING MPG TOO! (HONDA CIVIC LX SEDANS  206-745-7425) $7950 (2014-04-19)
2014-04-19 11:48:05,366 1995 Red Honda Civic DX (Duvall) $2950 (2014-04-19)
2014-04-19 11:48:05,366 2009 Honda Civic Hybrid 4DR SDN HYB CVS (Chaplins Bellevue VW) $13888 (2014-04-19)
2014-04-19 11:48:05,366 2010 Honda Civic  Car  LX Sedan 4D (Rare Sales Event! Must See! Click Here!) $13991 (2014-04-19)
2014-04-19 11:48:05,366 Honda Civic Hybrid 2006 (Seattle) $8000 (2014-04-19)
2014-04-19 11:48:05,366 2002 MERCEDES ML500,FULLY LOADED,SUPER CLEAN,CLEAN TITLE,E-Z FINANCE! $6995 (2014-04-19)
2014-04-19 11:48:05,366 2000 HONDA CIVIC SILVER (S TACOMA WAY) $4499 (2014-04-19)
2014-04-19 11:48:05,366 Excellent 2002 Ford Taurus Only 79k miles! (Bellevue) $3500 (2014-04-19)
2014-04-19 11:48:05,366 2002 Honda Civic EX (Tacoma) $5400 (2014-04-19)
2014-04-19 11:48:05,366 1997 Honda Civic DX Hatchback 106,XXX original miles (Auburn) $3900 (2014-04-19)
2014-04-19 11:48:05,366 2001 volvo s60 2.4Turbo (vancouver WA) $3500 (2014-04-19)
2014-04-19 11:48:05,366 2002 volvo s60 85k miles (Vancouver WA) $5600 (2014-04-19)
2014-04-19 11:48:05,366 2000 Honda Civic HX Clean Carfax!!! Gas Saver!! (Lake stevens) $4995 (2014-04-19)
2014-04-19 11:48:05,366 1998 HONDA CIVIC MAROON (S TACOMA WAY) $3999 (2014-04-19)
2014-04-19 11:48:05,366 honda civic ex black (tacoma) $4299 (2014-04-19)
2014-04-19 11:48:05,366 2004 Honda Civic Coupe VP - Automatic, Air Conditioning, Clean Title (Seattle) $5995 (2014-04-19)
2014-04-19 11:48:05,366 2003 Honda Civic 4dr Sdn Hybrid Manual (Seattle 425-971-2217) $8495 (2014-04-19)
2014-04-19 11:48:05,366 2001 Hyundai Elantra GLS 5 Speed Great Mileage Fuel Efficient  (Kenmore) $2795 (2014-04-19)
2014-04-19 11:48:05,366 2003 Mitsubishi Lancer ES Auto Great Mileage Fuel Efficient  (Kenmore) $3495 (2014-04-19)
2014-04-19 11:48:05,367 1998 Subaru Outback Legacy All Wheel Drive Great Mileage Bank Repo (Kenmore) $3995 (2014-04-19)
2014-04-19 11:48:05,367 2008 Toyota Corolla CE Auto Fuel Efficient Great Mileage Clean! (Kenmore) $5995 (2014-04-19)
2014-04-19 11:48:05,367 1993 Honda Civic 2dr Coupe 1.5L DX 5-Spd (Seattle 425-971-2217) $2995 (2014-04-19)
2014-04-19 11:48:05,367 1992 acura legend coupe (Lakewood) $3500 (2014-04-19)
2014-04-19 11:48:05,367 Honda Civic 2001 $4900 (2014-04-19)
2014-04-19 11:48:05,367 5200-None-http://seattle.craigslist.org/see/cto/4385894111.html-98 HONDA CIVIC EX SI CONV. $5200
2014-04-19 11:48:05,369 New posting created
2014-04-19 11:48:05,372 25
2014-04-19 11:48:05,373 2004 Honda Civic LX BLUE Clean Sedan/AMAZING MPG TOO! (HONDA CIVIC LX SEDANS  206-745-7425) $7950 (2014-04-19)
2014-04-19 11:48:05,373 1995 Red Honda Civic DX (Duvall) $2950 (2014-04-19)
2014-04-19 11:48:05,373 2009 Honda Civic Hybrid 4DR SDN HYB CVS (Chaplins Bellevue VW) $13888 (2014-04-19)
2014-04-19 11:48:05,373 2010 Honda Civic  Car  LX Sedan 4D (Rare Sales Event! Must See! Click Here!) $13991 (2014-04-19)
2014-04-19 11:48:05,374 Honda Civic Hybrid 2006 (Seattle) $8000 (2014-04-19)
2014-04-19 11:48:05,374 2002 MERCEDES ML500,FULLY LOADED,SUPER CLEAN,CLEAN TITLE,E-Z FINANCE! $6995 (2014-04-19)
2014-04-19 11:48:05,374 2000 HONDA CIVIC SILVER (S TACOMA WAY) $4499 (2014-04-19)
2014-04-19 11:48:05,374 Excellent 2002 Ford Taurus Only 79k miles! (Bellevue) $3500 (2014-04-19)
2014-04-19 11:48:05,374 2002 Honda Civic EX (Tacoma) $5400 (2014-04-19)
2014-04-19 11:48:05,374 1997 Honda Civic DX Hatchback 106,XXX original miles (Auburn) $3900 (2014-04-19)
2014-04-19 11:48:05,374 2001 volvo s60 2.4Turbo (vancouver WA) $3500 (2014-04-19)
2014-04-19 11:48:05,374 2002 volvo s60 85k miles (Vancouver WA) $5600 (2014-04-19)
2014-04-19 11:48:05,374 2000 Honda Civic HX Clean Carfax!!! Gas Saver!! (Lake stevens) $4995 (2014-04-19)
2014-04-19 11:48:05,374 1998 HONDA CIVIC MAROON (S TACOMA WAY) $3999 (2014-04-19)
2014-04-19 11:48:05,374 honda civic ex black (tacoma) $4299 (2014-04-19)
2014-04-19 11:48:05,374 2004 Honda Civic Coupe VP - Automatic, Air Conditioning, Clean Title (Seattle) $5995 (2014-04-19)
2014-04-19 11:48:05,375 2003 Honda Civic 4dr Sdn Hybrid Manual (Seattle 425-971-2217) $8495 (2014-04-19)
2014-04-19 11:48:05,375 2001 Hyundai Elantra GLS 5 Speed Great Mileage Fuel Efficient  (Kenmore) $2795 (2014-04-19)
2014-04-19 11:48:05,375 2003 Mitsubishi Lancer ES Auto Great Mileage Fuel Efficient  (Kenmore) $3495 (2014-04-19)
2014-04-19 11:48:05,375 1998 Subaru Outback Legacy All Wheel Drive Great Mileage Bank Repo (Kenmore) $3995 (2014-04-19)
2014-04-19 11:48:05,375 2008 Toyota Corolla CE Auto Fuel Efficient Great Mileage Clean! (Kenmore) $5995 (2014-04-19)
2014-04-19 11:48:05,375 1993 Honda Civic 2dr Coupe 1.5L DX 5-Spd (Seattle 425-971-2217) $2995 (2014-04-19)
2014-04-19 11:48:05,375 1992 acura legend coupe (Lakewood) $3500 (2014-04-19)
2014-04-19 11:48:05,375 Honda Civic 2001 $4900 (2014-04-19)
2014-04-19 11:48:05,375 98 HONDA CIVIC EX SI CONV. $5200 (2014-04-19)
2014-04-19 11:50:36,644 search model is ford focus rebuilt
2014-04-19 11:50:36,649 region: seattle
2014-04-19 11:50:36,650 URL: http://seattle.craigslist.org/search/cta?catAbb=cta&query=+ford+focus+rebuilt&minAsk=5000&maxAsk=15000&autoMinYear=1994&autoMaxYear=2014&format=rss
2014-04-19 11:50:37,340 Document retrieved from craigslist with 10 entries
2014-04-19 11:50:37,341 12000-2011-http://seattle.craigslist.org/see/cto/4419879114.html-2011 Ford Fusion (low miles) **Tax Season Discount** (Chehalis, WA) $12000
2014-04-19 11:50:37,345 New posting created
2014-04-19 11:50:37,349 26
2014-04-19 11:50:37,352 2004 Honda Civic LX BLUE Clean Sedan/AMAZING MPG TOO! (HONDA CIVIC LX SEDANS  206-745-7425) $7950 (2014-04-19)
2014-04-19 11:50:37,352 1995 Red Honda Civic DX (Duvall) $2950 (2014-04-19)
2014-04-19 11:50:37,353 2009 Honda Civic Hybrid 4DR SDN HYB CVS (Chaplins Bellevue VW) $13888 (2014-04-19)
2014-04-19 11:50:37,353 2010 Honda Civic  Car  LX Sedan 4D (Rare Sales Event! Must See! Click Here!) $13991 (2014-04-19)
2014-04-19 11:50:37,354 Honda Civic Hybrid 2006 (Seattle) $8000 (2014-04-19)
2014-04-19 11:50:37,354 2002 MERCEDES ML500,FULLY LOADED,SUPER CLEAN,CLEAN TITLE,E-Z FINANCE! $6995 (2014-04-19)
2014-04-19 11:50:37,354 2000 HONDA CIVIC SILVER (S TACOMA WAY) $4499 (2014-04-19)
2014-04-19 11:50:37,354 Excellent 2002 Ford Taurus Only 79k miles! (Bellevue) $3500 (2014-04-19)
2014-04-19 11:50:37,354 2002 Honda Civic EX (Tacoma) $5400 (2014-04-19)
2014-04-19 11:50:37,354 1997 Honda Civic DX Hatchback 106,XXX original miles (Auburn) $3900 (2014-04-19)
2014-04-19 11:50:37,354 2001 volvo s60 2.4Turbo (vancouver WA) $3500 (2014-04-19)
2014-04-19 11:50:37,354 2002 volvo s60 85k miles (Vancouver WA) $5600 (2014-04-19)
2014-04-19 11:50:37,354 2000 Honda Civic HX Clean Carfax!!! Gas Saver!! (Lake stevens) $4995 (2014-04-19)
2014-04-19 11:50:37,355 1998 HONDA CIVIC MAROON (S TACOMA WAY) $3999 (2014-04-19)
2014-04-19 11:50:37,355 honda civic ex black (tacoma) $4299 (2014-04-19)
2014-04-19 11:50:37,355 2004 Honda Civic Coupe VP - Automatic, Air Conditioning, Clean Title (Seattle) $5995 (2014-04-19)
2014-04-19 11:50:37,355 2003 Honda Civic 4dr Sdn Hybrid Manual (Seattle 425-971-2217) $8495 (2014-04-19)
2014-04-19 11:50:37,355 2001 Hyundai Elantra GLS 5 Speed Great Mileage Fuel Efficient  (Kenmore) $2795 (2014-04-19)
2014-04-19 11:50:37,355 2003 Mitsubishi Lancer ES Auto Great Mileage Fuel Efficient  (Kenmore) $3495 (2014-04-19)
2014-04-19 11:50:37,355 1998 Subaru Outback Legacy All Wheel Drive Great Mileage Bank Repo (Kenmore) $3995 (2014-04-19)
2014-04-19 11:50:37,356 2008 Toyota Corolla CE Auto Fuel Efficient Great Mileage Clean! (Kenmore) $5995 (2014-04-19)
2014-04-19 11:50:37,356 1993 Honda Civic 2dr Coupe 1.5L DX 5-Spd (Seattle 425-971-2217) $2995 (2014-04-19)
2014-04-19 11:50:37,356 1992 acura legend coupe (Lakewood) $3500 (2014-04-19)
2014-04-19 11:50:37,356 Honda Civic 2001 $4900 (2014-04-19)
2014-04-19 11:50:37,356 98 HONDA CIVIC EX SI CONV. $5200 (2014-04-19)
2014-04-19 11:50:37,356 2011 Ford Fusion (low miles) **Tax Season Discount** (Chehalis, WA) $12000 (2014-04-19)
2014-04-19 11:50:37,356 12000-2011-http://seattle.craigslist.org/see/cto/4419880195.html-2011 Ford Fusion (low miles) **Tax Season Discount** (Chehalis, WA) $12000
2014-04-19 11:50:37,362 New posting created
2014-04-19 11:50:37,365 27
2014-04-19 11:50:37,366 2004 Honda Civic LX BLUE Clean Sedan/AMAZING MPG TOO! (HONDA CIVIC LX SEDANS  206-745-7425) $7950 (2014-04-19)
2014-04-19 11:50:37,366 1995 Red Honda Civic DX (Duvall) $2950 (2014-04-19)
2014-04-19 11:50:37,366 2009 Honda Civic Hybrid 4DR SDN HYB CVS (Chaplins Bellevue VW) $13888 (2014-04-19)
2014-04-19 11:50:37,366 2010 Honda Civic  Car  LX Sedan 4D (Rare Sales Event! Must See! Click Here!) $13991 (2014-04-19)
2014-04-19 11:50:37,366 Honda Civic Hybrid 2006 (Seattle) $8000 (2014-04-19)
2014-04-19 11:50:37,366 2002 MERCEDES ML500,FULLY LOADED,SUPER CLEAN,CLEAN TITLE,E-Z FINANCE! $6995 (2014-04-19)
2014-04-19 11:50:37,366 2000 HONDA CIVIC SILVER (S TACOMA WAY) $4499 (2014-04-19)
2014-04-19 11:50:37,366 Excellent 2002 Ford Taurus Only 79k miles! (Bellevue) $3500 (2014-04-19)
2014-04-19 11:50:37,367 2002 Honda Civic EX (Tacoma) $5400 (2014-04-19)
2014-04-19 11:50:37,367 1997 Honda Civic DX Hatchback 106,XXX original miles (Auburn) $3900 (2014-04-19)
2014-04-19 11:50:37,367 2001 volvo s60 2.4Turbo (vancouver WA) $3500 (2014-04-19)
2014-04-19 11:50:37,367 2002 volvo s60 85k miles (Vancouver WA) $5600 (2014-04-19)
2014-04-19 11:50:37,367 2000 Honda Civic HX Clean Carfax!!! Gas Saver!! (Lake stevens) $4995 (2014-04-19)
2014-04-19 11:50:37,367 1998 HONDA CIVIC MAROON (S TACOMA WAY) $3999 (2014-04-19)
2014-04-19 11:50:37,367 honda civic ex black (tacoma) $4299 (2014-04-19)
2014-04-19 11:50:37,367 2004 Honda Civic Coupe VP - Automatic, Air Conditioning, Clean Title (Seattle) $5995 (2014-04-19)
2014-04-19 11:50:37,367 2003 Honda Civic 4dr Sdn Hybrid Manual (Seattle 425-971-2217) $8495 (2014-04-19)
2014-04-19 11:50:37,367 2001 Hyundai Elantra GLS 5 Speed Great Mileage Fuel Efficient  (Kenmore) $2795 (2014-04-19)
2014-04-19 11:50:37,367 2003 Mitsubishi Lancer ES Auto Great Mileage Fuel Efficient  (Kenmore) $3495 (2014-04-19)
2014-04-19 11:50:37,367 1998 Subaru Outback Legacy All Wheel Drive Great Mileage Bank Repo (Kenmore) $3995 (2014-04-19)
2014-04-19 11:50:37,367 2008 Toyota Corolla CE Auto Fuel Efficient Great Mileage Clean! (Kenmore) $5995 (2014-04-19)
2014-04-19 11:50:37,367 1993 Honda Civic 2dr Coupe 1.5L DX 5-Spd (Seattle 425-971-2217) $2995 (2014-04-19)
2014-04-19 11:50:37,367 1992 acura legend coupe (Lakewood) $3500 (2014-04-19)
2014-04-19 11:50:37,367 Honda Civic 2001 $4900 (2014-04-19)
2014-04-19 11:50:37,367 98 HONDA CIVIC EX SI CONV. $5200 (2014-04-19)
2014-04-19 11:50:37,367 2011 Ford Fusion (low miles) **Tax Season Discount** (Chehalis, WA) $12000 (2014-04-19)
2014-04-19 11:50:37,367 2011 Ford Fusion (low miles) **Tax Season Discount** (Chehalis, WA) $12000 (2014-04-19)
2014-04-19 11:50:37,367 14600-2012-http://seattle.craigslist.org/sno/ctd/4421366222.html-******* 2012 TOYOTA PRIUS C HYBRID AUTOMATIC ******* (MONROE-KENT) $14600
2014-04-19 11:50:37,370 New posting created
2014-04-19 11:50:37,373 28
2014-04-19 11:50:37,374 2004 Honda Civic LX BLUE Clean Sedan/AMAZING MPG TOO! (HONDA CIVIC LX SEDANS  206-745-7425) $7950 (2014-04-19)
2014-04-19 11:50:37,374 1995 Red Honda Civic DX (Duvall) $2950 (2014-04-19)
2014-04-19 11:50:37,374 2009 Honda Civic Hybrid 4DR SDN HYB CVS (Chaplins Bellevue VW) $13888 (2014-04-19)
2014-04-19 11:50:37,374 2010 Honda Civic  Car  LX Sedan 4D (Rare Sales Event! Must See! Click Here!) $13991 (2014-04-19)
2014-04-19 11:50:37,374 Honda Civic Hybrid 2006 (Seattle) $8000 (2014-04-19)
2014-04-19 11:50:37,374 2002 MERCEDES ML500,FULLY LOADED,SUPER CLEAN,CLEAN TITLE,E-Z FINANCE! $6995 (2014-04-19)
2014-04-19 11:50:37,374 2000 HONDA CIVIC SILVER (S TACOMA WAY) $4499 (2014-04-19)
2014-04-19 11:50:37,374 Excellent 2002 Ford Taurus Only 79k miles! (Bellevue) $3500 (2014-04-19)
2014-04-19 11:50:37,374 2002 Honda Civic EX (Tacoma) $5400 (2014-04-19)
2014-04-19 11:50:37,374 1997 Honda Civic DX Hatchback 106,XXX original miles (Auburn) $3900 (2014-04-19)
2014-04-19 11:50:37,374 2001 volvo s60 2.4Turbo (vancouver WA) $3500 (2014-04-19)
2014-04-19 11:50:37,374 2002 volvo s60 85k miles (Vancouver WA) $5600 (2014-04-19)
2014-04-19 11:50:37,374 2000 Honda Civic HX Clean Carfax!!! Gas Saver!! (Lake stevens) $4995 (2014-04-19)
2014-04-19 11:50:37,374 1998 HONDA CIVIC MAROON (S TACOMA WAY) $3999 (2014-04-19)
2014-04-19 11:50:37,374 honda civic ex black (tacoma) $4299 (2014-04-19)
2014-04-19 11:50:37,374 2004 Honda Civic Coupe VP - Automatic, Air Conditioning, Clean Title (Seattle) $5995 (2014-04-19)
2014-04-19 11:50:37,374 2003 Honda Civic 4dr Sdn Hybrid Manual (Seattle 425-971-2217) $8495 (2014-04-19)
2014-04-19 11:50:37,374 2001 Hyundai Elantra GLS 5 Speed Great Mileage Fuel Efficient  (Kenmore) $2795 (2014-04-19)
2014-04-19 11:50:37,374 2003 Mitsubishi Lancer ES Auto Great Mileage Fuel Efficient  (Kenmore) $3495 (2014-04-19)
2014-04-19 11:50:37,374 1998 Subaru Outback Legacy All Wheel Drive Great Mileage Bank Repo (Kenmore) $3995 (2014-04-19)
2014-04-19 11:50:37,375 2008 Toyota Corolla CE Auto Fuel Efficient Great Mileage Clean! (Kenmore) $5995 (2014-04-19)
2014-04-19 11:50:37,375 1993 Honda Civic 2dr Coupe 1.5L DX 5-Spd (Seattle 425-971-2217) $2995 (2014-04-19)
2014-04-19 11:50:37,375 1992 acura legend coupe (Lakewood) $3500 (2014-04-19)
2014-04-19 11:50:37,375 Honda Civic 2001 $4900 (2014-04-19)
2014-04-19 11:50:37,375 98 HONDA CIVIC EX SI CONV. $5200 (2014-04-19)
2014-04-19 11:50:37,375 2011 Ford Fusion (low miles) **Tax Season Discount** (Chehalis, WA) $12000 (2014-04-19)
2014-04-19 11:50:37,375 2011 Ford Fusion (low miles) **Tax Season Discount** (Chehalis, WA) $12000 (2014-04-19)
2014-04-19 11:50:37,375 ******* 2012 TOYOTA PRIUS C HYBRID AUTOMATIC ******* (MONROE-KENT) $14600 (2014-04-19)
2014-04-19 11:50:37,375 13800-2012-http://seattle.craigslist.org/sno/ctd/4421363774.html-******* 2012 HONDA CIVIC EX GREY AUTOMATIC ******* (MONROE-KENT) $13800
2014-04-19 11:50:37,377 New posting created
2014-04-19 11:50:37,379 29
2014-04-19 11:50:37,381 2004 Honda Civic LX BLUE Clean Sedan/AMAZING MPG TOO! (HONDA CIVIC LX SEDANS  206-745-7425) $7950 (2014-04-19)
2014-04-19 11:50:37,381 1995 Red Honda Civic DX (Duvall) $2950 (2014-04-19)
2014-04-19 11:50:37,381 2009 Honda Civic Hybrid 4DR SDN HYB CVS (Chaplins Bellevue VW) $13888 (2014-04-19)
2014-04-19 11:50:37,381 2010 Honda Civic  Car  LX Sedan 4D (Rare Sales Event! Must See! Click Here!) $13991 (2014-04-19)
2014-04-19 11:50:37,381 Honda Civic Hybrid 2006 (Seattle) $8000 (2014-04-19)
2014-04-19 11:50:37,381 2002 MERCEDES ML500,FULLY LOADED,SUPER CLEAN,CLEAN TITLE,E-Z FINANCE! $6995 (2014-04-19)
2014-04-19 11:50:37,381 2000 HONDA CIVIC SILVER (S TACOMA WAY) $4499 (2014-04-19)
2014-04-19 11:50:37,381 Excellent 2002 Ford Taurus Only 79k miles! (Bellevue) $3500 (2014-04-19)
2014-04-19 11:50:37,381 2002 Honda Civic EX (Tacoma) $5400 (2014-04-19)
2014-04-19 11:50:37,381 1997 Honda Civic DX Hatchback 106,XXX original miles (Auburn) $3900 (2014-04-19)
2014-04-19 11:50:37,382 2001 volvo s60 2.4Turbo (vancouver WA) $3500 (2014-04-19)
2014-04-19 11:50:37,382 2002 volvo s60 85k miles (Vancouver WA) $5600 (2014-04-19)
2014-04-19 11:50:37,382 2000 Honda Civic HX Clean Carfax!!! Gas Saver!! (Lake stevens) $4995 (2014-04-19)
2014-04-19 11:50:37,382 1998 HONDA CIVIC MAROON (S TACOMA WAY) $3999 (2014-04-19)
2014-04-19 11:50:37,382 honda civic ex black (tacoma) $4299 (2014-04-19)
2014-04-19 11:50:37,382 2004 Honda Civic Coupe VP - Automatic, Air Conditioning, Clean Title (Seattle) $5995 (2014-04-19)
2014-04-19 11:50:37,382 2003 Honda Civic 4dr Sdn Hybrid Manual (Seattle 425-971-2217) $8495 (2014-04-19)
2014-04-19 11:50:37,382 2001 Hyundai Elantra GLS 5 Speed Great Mileage Fuel Efficient  (Kenmore) $2795 (2014-04-19)
2014-04-19 11:50:37,382 2003 Mitsubishi Lancer ES Auto Great Mileage Fuel Efficient  (Kenmore) $3495 (2014-04-19)
2014-04-19 11:50:37,382 1998 Subaru Outback Legacy All Wheel Drive Great Mileage Bank Repo (Kenmore) $3995 (2014-04-19)
2014-04-19 11:50:37,382 2008 Toyota Corolla CE Auto Fuel Efficient Great Mileage Clean! (Kenmore) $5995 (2014-04-19)
2014-04-19 11:50:37,382 1993 Honda Civic 2dr Coupe 1.5L DX 5-Spd (Seattle 425-971-2217) $2995 (2014-04-19)
2014-04-19 11:50:37,382 1992 acura legend coupe (Lakewood) $3500 (2014-04-19)
2014-04-19 11:50:37,383 Honda Civic 2001 $4900 (2014-04-19)
2014-04-19 11:50:37,383 98 HONDA CIVIC EX SI CONV. $5200 (2014-04-19)
2014-04-19 11:50:37,383 2011 Ford Fusion (low miles) **Tax Season Discount** (Chehalis, WA) $12000 (2014-04-19)
2014-04-19 11:50:37,383 2011 Ford Fusion (low miles) **Tax Season Discount** (Chehalis, WA) $12000 (2014-04-19)
2014-04-19 11:50:37,383 ******* 2012 TOYOTA PRIUS C HYBRID AUTOMATIC ******* (MONROE-KENT) $14600 (2014-04-19)
2014-04-19 11:50:37,383 ******* 2012 HONDA CIVIC EX GREY AUTOMATIC ******* (MONROE-KENT) $13800 (2014-04-19)
2014-04-19 11:50:37,383 7500-2000-http://seattle.craigslist.org/sno/ctd/4414180193.html-2000 Jeep Wrangler Sport (snohomish) $7500
2014-04-19 11:50:37,385 New posting created
2014-04-19 11:50:37,388 30
2014-04-19 11:50:37,390 2004 Honda Civic LX BLUE Clean Sedan/AMAZING MPG TOO! (HONDA CIVIC LX SEDANS  206-745-7425) $7950 (2014-04-19)
2014-04-19 11:50:37,390 1995 Red Honda Civic DX (Duvall) $2950 (2014-04-19)
2014-04-19 11:50:37,390 2009 Honda Civic Hybrid 4DR SDN HYB CVS (Chaplins Bellevue VW) $13888 (2014-04-19)
2014-04-19 11:50:37,390 2010 Honda Civic  Car  LX Sedan 4D (Rare Sales Event! Must See! Click Here!) $13991 (2014-04-19)
2014-04-19 11:50:37,390 Honda Civic Hybrid 2006 (Seattle) $8000 (2014-04-19)
2014-04-19 11:50:37,390 2002 MERCEDES ML500,FULLY LOADED,SUPER CLEAN,CLEAN TITLE,E-Z FINANCE! $6995 (2014-04-19)
2014-04-19 11:50:37,390 2000 HONDA CIVIC SILVER (S TACOMA WAY) $4499 (2014-04-19)
2014-04-19 11:50:37,391 Excellent 2002 Ford Taurus Only 79k miles! (Bellevue) $3500 (2014-04-19)
2014-04-19 11:50:37,391 2002 Honda Civic EX (Tacoma) $5400 (2014-04-19)
2014-04-19 11:50:37,391 1997 Honda Civic DX Hatchback 106,XXX original miles (Auburn) $3900 (2014-04-19)
2014-04-19 11:50:37,391 2001 volvo s60 2.4Turbo (vancouver WA) $3500 (2014-04-19)
2014-04-19 11:50:37,391 2002 volvo s60 85k miles (Vancouver WA) $5600 (2014-04-19)
2014-04-19 11:50:37,391 2000 Honda Civic HX Clean Carfax!!! Gas Saver!! (Lake stevens) $4995 (2014-04-19)
2014-04-19 11:50:37,391 1998 HONDA CIVIC MAROON (S TACOMA WAY) $3999 (2014-04-19)
2014-04-19 11:50:37,391 honda civic ex black (tacoma) $4299 (2014-04-19)
2014-04-19 11:50:37,391 2004 Honda Civic Coupe VP - Automatic, Air Conditioning, Clean Title (Seattle) $5995 (2014-04-19)
2014-04-19 11:50:37,391 2003 Honda Civic 4dr Sdn Hybrid Manual (Seattle 425-971-2217) $8495 (2014-04-19)
2014-04-19 11:50:37,391 2001 Hyundai Elantra GLS 5 Speed Great Mileage Fuel Efficient  (Kenmore) $2795 (2014-04-19)
2014-04-19 11:50:37,391 2003 Mitsubishi Lancer ES Auto Great Mileage Fuel Efficient  (Kenmore) $3495 (2014-04-19)
2014-04-19 11:50:37,391 1998 Subaru Outback Legacy All Wheel Drive Great Mileage Bank Repo (Kenmore) $3995 (2014-04-19)
2014-04-19 11:50:37,392 2008 Toyota Corolla CE Auto Fuel Efficient Great Mileage Clean! (Kenmore) $5995 (2014-04-19)
2014-04-19 11:50:37,392 1993 Honda Civic 2dr Coupe 1.5L DX 5-Spd (Seattle 425-971-2217) $2995 (2014-04-19)
2014-04-19 11:50:37,392 1992 acura legend coupe (Lakewood) $3500 (2014-04-19)
2014-04-19 11:50:37,392 Honda Civic 2001 $4900 (2014-04-19)
2014-04-19 11:50:37,392 98 HONDA CIVIC EX SI CONV. $5200 (2014-04-19)
2014-04-19 11:50:37,392 2011 Ford Fusion (low miles) **Tax Season Discount** (Chehalis, WA) $12000 (2014-04-19)
2014-04-19 11:50:37,392 2011 Ford Fusion (low miles) **Tax Season Discount** (Chehalis, WA) $12000 (2014-04-19)
2014-04-19 11:50:37,392 ******* 2012 TOYOTA PRIUS C HYBRID AUTOMATIC ******* (MONROE-KENT) $14600 (2014-04-19)
2014-04-19 11:50:37,392 ******* 2012 HONDA CIVIC EX GREY AUTOMATIC ******* (MONROE-KENT) $13800 (2014-04-19)
2014-04-19 11:50:37,392 2000 Jeep Wrangler Sport (snohomish) $7500 (2014-04-19)
2014-04-19 11:50:37,393 5999-2006-http://seattle.craigslist.org/skc/ctd/4408892248.html-2006 Ford Focus Zx5 5 Dr Hatchback (Enumclaw) $5999
2014-04-19 11:50:37,395 New posting created
2014-04-19 11:50:37,398 31
2014-04-19 11:50:37,400 2004 Honda Civic LX BLUE Clean Sedan/AMAZING MPG TOO! (HONDA CIVIC LX SEDANS  206-745-7425) $7950 (2014-04-19)
2014-04-19 11:50:37,400 1995 Red Honda Civic DX (Duvall) $2950 (2014-04-19)
2014-04-19 11:50:37,400 2009 Honda Civic Hybrid 4DR SDN HYB CVS (Chaplins Bellevue VW) $13888 (2014-04-19)
2014-04-19 11:50:37,400 2010 Honda Civic  Car  LX Sedan 4D (Rare Sales Event! Must See! Click Here!) $13991 (2014-04-19)
2014-04-19 11:50:37,400 Honda Civic Hybrid 2006 (Seattle) $8000 (2014-04-19)
2014-04-19 11:50:37,400 2002 MERCEDES ML500,FULLY LOADED,SUPER CLEAN,CLEAN TITLE,E-Z FINANCE! $6995 (2014-04-19)
2014-04-19 11:50:37,400 2000 HONDA CIVIC SILVER (S TACOMA WAY) $4499 (2014-04-19)
2014-04-19 11:50:37,400 Excellent 2002 Ford Taurus Only 79k miles! (Bellevue) $3500 (2014-04-19)
2014-04-19 11:50:37,401 2002 Honda Civic EX (Tacoma) $5400 (2014-04-19)
2014-04-19 11:50:37,401 1997 Honda Civic DX Hatchback 106,XXX original miles (Auburn) $3900 (2014-04-19)
2014-04-19 11:50:37,401 2001 volvo s60 2.4Turbo (vancouver WA) $3500 (2014-04-19)
2014-04-19 11:50:37,401 2002 volvo s60 85k miles (Vancouver WA) $5600 (2014-04-19)
2014-04-19 11:50:37,401 2000 Honda Civic HX Clean Carfax!!! Gas Saver!! (Lake stevens) $4995 (2014-04-19)
2014-04-19 11:50:37,401 1998 HONDA CIVIC MAROON (S TACOMA WAY) $3999 (2014-04-19)
2014-04-19 11:50:37,402 honda civic ex black (tacoma) $4299 (2014-04-19)
2014-04-19 11:50:37,402 2004 Honda Civic Coupe VP - Automatic, Air Conditioning, Clean Title (Seattle) $5995 (2014-04-19)
2014-04-19 11:50:37,402 2003 Honda Civic 4dr Sdn Hybrid Manual (Seattle 425-971-2217) $8495 (2014-04-19)
2014-04-19 11:50:37,402 2001 Hyundai Elantra GLS 5 Speed Great Mileage Fuel Efficient  (Kenmore) $2795 (2014-04-19)
2014-04-19 11:50:37,402 2003 Mitsubishi Lancer ES Auto Great Mileage Fuel Efficient  (Kenmore) $3495 (2014-04-19)
2014-04-19 11:50:37,402 1998 Subaru Outback Legacy All Wheel Drive Great Mileage Bank Repo (Kenmore) $3995 (2014-04-19)
2014-04-19 11:50:37,402 2008 Toyota Corolla CE Auto Fuel Efficient Great Mileage Clean! (Kenmore) $5995 (2014-04-19)
2014-04-19 11:50:37,402 1993 Honda Civic 2dr Coupe 1.5L DX 5-Spd (Seattle 425-971-2217) $2995 (2014-04-19)
2014-04-19 11:50:37,403 1992 acura legend coupe (Lakewood) $3500 (2014-04-19)
2014-04-19 11:50:37,403 Honda Civic 2001 $4900 (2014-04-19)
2014-04-19 11:50:37,403 98 HONDA CIVIC EX SI CONV. $5200 (2014-04-19)
2014-04-19 11:50:37,403 2011 Ford Fusion (low miles) **Tax Season Discount** (Chehalis, WA) $12000 (2014-04-19)
2014-04-19 11:50:37,403 2011 Ford Fusion (low miles) **Tax Season Discount** (Chehalis, WA) $12000 (2014-04-19)
2014-04-19 11:50:37,403 ******* 2012 TOYOTA PRIUS C HYBRID AUTOMATIC ******* (MONROE-KENT) $14600 (2014-04-19)
2014-04-19 11:50:37,404 ******* 2012 HONDA CIVIC EX GREY AUTOMATIC ******* (MONROE-KENT) $13800 (2014-04-19)
2014-04-19 11:50:37,404 2000 Jeep Wrangler Sport (snohomish) $7500 (2014-04-19)
2014-04-19 11:50:37,404 2006 Ford Focus Zx5 5 Dr Hatchback (Enumclaw) $5999 (2014-04-19)
2014-04-19 11:50:37,404 6999-2008-http://seattle.craigslist.org/see/ctd/4406432057.html-2008 FORD FOCUS SE COUPE LOW MILES 77K MILES 5SPD MANUAL WHITE (PUYALLUP - NORTHWEST AUTOWAY - SALE! SALE!) $6999
2014-04-19 11:50:37,407 New posting created
2014-04-19 11:50:37,411 32
2014-04-19 11:50:37,413 2004 Honda Civic LX BLUE Clean Sedan/AMAZING MPG TOO! (HONDA CIVIC LX SEDANS  206-745-7425) $7950 (2014-04-19)
2014-04-19 11:50:37,413 1995 Red Honda Civic DX (Duvall) $2950 (2014-04-19)
2014-04-19 11:50:37,413 2009 Honda Civic Hybrid 4DR SDN HYB CVS (Chaplins Bellevue VW) $13888 (2014-04-19)
2014-04-19 11:50:37,414 2010 Honda Civic  Car  LX Sedan 4D (Rare Sales Event! Must See! Click Here!) $13991 (2014-04-19)
2014-04-19 11:50:37,414 Honda Civic Hybrid 2006 (Seattle) $8000 (2014-04-19)
2014-04-19 11:50:37,414 2002 MERCEDES ML500,FULLY LOADED,SUPER CLEAN,CLEAN TITLE,E-Z FINANCE! $6995 (2014-04-19)
2014-04-19 11:50:37,414 2000 HONDA CIVIC SILVER (S TACOMA WAY) $4499 (2014-04-19)
2014-04-19 11:50:37,414 Excellent 2002 Ford Taurus Only 79k miles! (Bellevue) $3500 (2014-04-19)
2014-04-19 11:50:37,414 2002 Honda Civic EX (Tacoma) $5400 (2014-04-19)
2014-04-19 11:50:37,414 1997 Honda Civic DX Hatchback 106,XXX original miles (Auburn) $3900 (2014-04-19)
2014-04-19 11:50:37,414 2001 volvo s60 2.4Turbo (vancouver WA) $3500 (2014-04-19)
2014-04-19 11:50:37,414 2002 volvo s60 85k miles (Vancouver WA) $5600 (2014-04-19)
2014-04-19 11:50:37,414 2000 Honda Civic HX Clean Carfax!!! Gas Saver!! (Lake stevens) $4995 (2014-04-19)
2014-04-19 11:50:37,414 1998 HONDA CIVIC MAROON (S TACOMA WAY) $3999 (2014-04-19)
2014-04-19 11:50:37,414 honda civic ex black (tacoma) $4299 (2014-04-19)
2014-04-19 11:50:37,415 2004 Honda Civic Coupe VP - Automatic, Air Conditioning, Clean Title (Seattle) $5995 (2014-04-19)
2014-04-19 11:50:37,415 2003 Honda Civic 4dr Sdn Hybrid Manual (Seattle 425-971-2217) $8495 (2014-04-19)
2014-04-19 11:50:37,415 2001 Hyundai Elantra GLS 5 Speed Great Mileage Fuel Efficient  (Kenmore) $2795 (2014-04-19)
2014-04-19 11:50:37,415 2003 Mitsubishi Lancer ES Auto Great Mileage Fuel Efficient  (Kenmore) $3495 (2014-04-19)
2014-04-19 11:50:37,415 1998 Subaru Outback Legacy All Wheel Drive Great Mileage Bank Repo (Kenmore) $3995 (2014-04-19)
2014-04-19 11:50:37,415 2008 Toyota Corolla CE Auto Fuel Efficient Great Mileage Clean! (Kenmore) $5995 (2014-04-19)
2014-04-19 11:50:37,415 1993 Honda Civic 2dr Coupe 1.5L DX 5-Spd (Seattle 425-971-2217) $2995 (2014-04-19)
2014-04-19 11:50:37,415 1992 acura legend coupe (Lakewood) $3500 (2014-04-19)
2014-04-19 11:50:37,415 Honda Civic 2001 $4900 (2014-04-19)
2014-04-19 11:50:37,415 98 HONDA CIVIC EX SI CONV. $5200 (2014-04-19)
2014-04-19 11:50:37,415 2011 Ford Fusion (low miles) **Tax Season Discount** (Chehalis, WA) $12000 (2014-04-19)
2014-04-19 11:50:37,416 2011 Ford Fusion (low miles) **Tax Season Discount** (Chehalis, WA) $12000 (2014-04-19)
2014-04-19 11:50:37,416 ******* 2012 TOYOTA PRIUS C HYBRID AUTOMATIC ******* (MONROE-KENT) $14600 (2014-04-19)
2014-04-19 11:50:37,416 ******* 2012 HONDA CIVIC EX GREY AUTOMATIC ******* (MONROE-KENT) $13800 (2014-04-19)
2014-04-19 11:50:37,416 2000 Jeep Wrangler Sport (snohomish) $7500 (2014-04-19)
2014-04-19 11:50:37,416 2006 Ford Focus Zx5 5 Dr Hatchback (Enumclaw) $5999 (2014-04-19)
2014-04-19 11:50:37,416 2008 FORD FOCUS SE COUPE LOW MILES 77K MILES 5SPD MANUAL WHITE (PUYALLUP - NORTHWEST AUTOWAY - SALE! SALE!) $6999 (2014-04-19)
2014-04-19 11:50:37,416 14600-2012-http://seattle.craigslist.org/sno/ctd/4404222820.html-******* 2012 TOYOTA PRIUS C HYBRID AUTOMATIC ******* (MONROE-KENT) $14600
2014-04-19 11:50:37,420 New posting created
2014-04-19 11:50:37,429 33
2014-04-19 11:50:37,430 2004 Honda Civic LX BLUE Clean Sedan/AMAZING MPG TOO! (HONDA CIVIC LX SEDANS  206-745-7425) $7950 (2014-04-19)
2014-04-19 11:50:37,430 1995 Red Honda Civic DX (Duvall) $2950 (2014-04-19)
2014-04-19 11:50:37,430 2009 Honda Civic Hybrid 4DR SDN HYB CVS (Chaplins Bellevue VW) $13888 (2014-04-19)
2014-04-19 11:50:37,430 2010 Honda Civic  Car  LX Sedan 4D (Rare Sales Event! Must See! Click Here!) $13991 (2014-04-19)
2014-04-19 11:50:37,430 Honda Civic Hybrid 2006 (Seattle) $8000 (2014-04-19)
2014-04-19 11:50:37,430 2002 MERCEDES ML500,FULLY LOADED,SUPER CLEAN,CLEAN TITLE,E-Z FINANCE! $6995 (2014-04-19)
2014-04-19 11:50:37,430 2000 HONDA CIVIC SILVER (S TACOMA WAY) $4499 (2014-04-19)
2014-04-19 11:50:37,430 Excellent 2002 Ford Taurus Only 79k miles! (Bellevue) $3500 (2014-04-19)
2014-04-19 11:50:37,430 2002 Honda Civic EX (Tacoma) $5400 (2014-04-19)
2014-04-19 11:50:37,430 1997 Honda Civic DX Hatchback 106,XXX original miles (Auburn) $3900 (2014-04-19)
2014-04-19 11:50:37,430 2001 volvo s60 2.4Turbo (vancouver WA) $3500 (2014-04-19)
2014-04-19 11:50:37,430 2002 volvo s60 85k miles (Vancouver WA) $5600 (2014-04-19)
2014-04-19 11:50:37,431 2000 Honda Civic HX Clean Carfax!!! Gas Saver!! (Lake stevens) $4995 (2014-04-19)
2014-04-19 11:50:37,431 1998 HONDA CIVIC MAROON (S TACOMA WAY) $3999 (2014-04-19)
2014-04-19 11:50:37,431 honda civic ex black (tacoma) $4299 (2014-04-19)
2014-04-19 11:50:37,431 2004 Honda Civic Coupe VP - Automatic, Air Conditioning, Clean Title (Seattle) $5995 (2014-04-19)
2014-04-19 11:50:37,431 2003 Honda Civic 4dr Sdn Hybrid Manual (Seattle 425-971-2217) $8495 (2014-04-19)
2014-04-19 11:50:37,431 2001 Hyundai Elantra GLS 5 Speed Great Mileage Fuel Efficient  (Kenmore) $2795 (2014-04-19)
2014-04-19 11:50:37,431 2003 Mitsubishi Lancer ES Auto Great Mileage Fuel Efficient  (Kenmore) $3495 (2014-04-19)
2014-04-19 11:50:37,431 1998 Subaru Outback Legacy All Wheel Drive Great Mileage Bank Repo (Kenmore) $3995 (2014-04-19)
2014-04-19 11:50:37,431 2008 Toyota Corolla CE Auto Fuel Efficient Great Mileage Clean! (Kenmore) $5995 (2014-04-19)
2014-04-19 11:50:37,431 1993 Honda Civic 2dr Coupe 1.5L DX 5-Spd (Seattle 425-971-2217) $2995 (2014-04-19)
2014-04-19 11:50:37,431 1992 acura legend coupe (Lakewood) $3500 (2014-04-19)
2014-04-19 11:50:37,431 Honda Civic 2001 $4900 (2014-04-19)
2014-04-19 11:50:37,431 98 HONDA CIVIC EX SI CONV. $5200 (2014-04-19)
2014-04-19 11:50:37,431 2011 Ford Fusion (low miles) **Tax Season Discount** (Chehalis, WA) $12000 (2014-04-19)
2014-04-19 11:50:37,431 2011 Ford Fusion (low miles) **Tax Season Discount** (Chehalis, WA) $12000 (2014-04-19)
2014-04-19 11:50:37,431 ******* 2012 TOYOTA PRIUS C HYBRID AUTOMATIC ******* (MONROE-KENT) $14600 (2014-04-19)
2014-04-19 11:50:37,431 ******* 2012 HONDA CIVIC EX GREY AUTOMATIC ******* (MONROE-KENT) $13800 (2014-04-19)
2014-04-19 11:50:37,431 2000 Jeep Wrangler Sport (snohomish) $7500 (2014-04-19)
2014-04-19 11:50:37,431 2006 Ford Focus Zx5 5 Dr Hatchback (Enumclaw) $5999 (2014-04-19)
2014-04-19 11:50:37,431 2008 FORD FOCUS SE COUPE LOW MILES 77K MILES 5SPD MANUAL WHITE (PUYALLUP - NORTHWEST AUTOWAY - SALE! SALE!) $6999 (2014-04-19)
2014-04-19 11:50:37,431 ******* 2012 TOYOTA PRIUS C HYBRID AUTOMATIC ******* (MONROE-KENT) $14600 (2014-04-19)
2014-04-19 11:50:37,432 13800-2012-http://seattle.craigslist.org/sno/ctd/4399484972.html-******* 2012 HONDA CIVIC EX GREY AUTOMATIC ******* (MONROE-KENT) $13800
2014-04-19 11:50:37,434 New posting created
2014-04-19 11:50:37,438 34
2014-04-19 11:50:37,440 2004 Honda Civic LX BLUE Clean Sedan/AMAZING MPG TOO! (HONDA CIVIC LX SEDANS  206-745-7425) $7950 (2014-04-19)
2014-04-19 11:50:37,440 1995 Red Honda Civic DX (Duvall) $2950 (2014-04-19)
2014-04-19 11:50:37,440 2009 Honda Civic Hybrid 4DR SDN HYB CVS (Chaplins Bellevue VW) $13888 (2014-04-19)
2014-04-19 11:50:37,440 2010 Honda Civic  Car  LX Sedan 4D (Rare Sales Event! Must See! Click Here!) $13991 (2014-04-19)
2014-04-19 11:50:37,440 Honda Civic Hybrid 2006 (Seattle) $8000 (2014-04-19)
2014-04-19 11:50:37,441 2002 MERCEDES ML500,FULLY LOADED,SUPER CLEAN,CLEAN TITLE,E-Z FINANCE! $6995 (2014-04-19)
2014-04-19 11:50:37,441 2000 HONDA CIVIC SILVER (S TACOMA WAY) $4499 (2014-04-19)
2014-04-19 11:50:37,441 Excellent 2002 Ford Taurus Only 79k miles! (Bellevue) $3500 (2014-04-19)
2014-04-19 11:50:37,441 2002 Honda Civic EX (Tacoma) $5400 (2014-04-19)
2014-04-19 11:50:37,441 1997 Honda Civic DX Hatchback 106,XXX original miles (Auburn) $3900 (2014-04-19)
2014-04-19 11:50:37,441 2001 volvo s60 2.4Turbo (vancouver WA) $3500 (2014-04-19)
2014-04-19 11:50:37,441 2002 volvo s60 85k miles (Vancouver WA) $5600 (2014-04-19)
2014-04-19 11:50:37,441 2000 Honda Civic HX Clean Carfax!!! Gas Saver!! (Lake stevens) $4995 (2014-04-19)
2014-04-19 11:50:37,441 1998 HONDA CIVIC MAROON (S TACOMA WAY) $3999 (2014-04-19)
2014-04-19 11:50:37,441 honda civic ex black (tacoma) $4299 (2014-04-19)
2014-04-19 11:50:37,441 2004 Honda Civic Coupe VP - Automatic, Air Conditioning, Clean Title (Seattle) $5995 (2014-04-19)
2014-04-19 11:50:37,441 2003 Honda Civic 4dr Sdn Hybrid Manual (Seattle 425-971-2217) $8495 (2014-04-19)
2014-04-19 11:50:37,441 2001 Hyundai Elantra GLS 5 Speed Great Mileage Fuel Efficient  (Kenmore) $2795 (2014-04-19)
2014-04-19 11:50:37,442 2003 Mitsubishi Lancer ES Auto Great Mileage Fuel Efficient  (Kenmore) $3495 (2014-04-19)
2014-04-19 11:50:37,442 1998 Subaru Outback Legacy All Wheel Drive Great Mileage Bank Repo (Kenmore) $3995 (2014-04-19)
2014-04-19 11:50:37,442 2008 Toyota Corolla CE Auto Fuel Efficient Great Mileage Clean! (Kenmore) $5995 (2014-04-19)
2014-04-19 11:50:37,442 1993 Honda Civic 2dr Coupe 1.5L DX 5-Spd (Seattle 425-971-2217) $2995 (2014-04-19)
2014-04-19 11:50:37,442 1992 acura legend coupe (Lakewood) $3500 (2014-04-19)
2014-04-19 11:50:37,442 Honda Civic 2001 $4900 (2014-04-19)
2014-04-19 11:50:37,442 98 HONDA CIVIC EX SI CONV. $5200 (2014-04-19)
2014-04-19 11:50:37,442 2011 Ford Fusion (low miles) **Tax Season Discount** (Chehalis, WA) $12000 (2014-04-19)
2014-04-19 11:50:37,442 2011 Ford Fusion (low miles) **Tax Season Discount** (Chehalis, WA) $12000 (2014-04-19)
2014-04-19 11:50:37,443 ******* 2012 TOYOTA PRIUS C HYBRID AUTOMATIC ******* (MONROE-KENT) $14600 (2014-04-19)
2014-04-19 11:50:37,443 ******* 2012 HONDA CIVIC EX GREY AUTOMATIC ******* (MONROE-KENT) $13800 (2014-04-19)
2014-04-19 11:50:37,443 2000 Jeep Wrangler Sport (snohomish) $7500 (2014-04-19)
2014-04-19 11:50:37,443 2006 Ford Focus Zx5 5 Dr Hatchback (Enumclaw) $5999 (2014-04-19)
2014-04-19 11:50:37,443 2008 FORD FOCUS SE COUPE LOW MILES 77K MILES 5SPD MANUAL WHITE (PUYALLUP - NORTHWEST AUTOWAY - SALE! SALE!) $6999 (2014-04-19)
2014-04-19 11:50:37,443 ******* 2012 TOYOTA PRIUS C HYBRID AUTOMATIC ******* (MONROE-KENT) $14600 (2014-04-19)
2014-04-19 11:50:37,443 ******* 2012 HONDA CIVIC EX GREY AUTOMATIC ******* (MONROE-KENT) $13800 (2014-04-19)
2014-04-19 11:50:37,444 7900-2009-http://seattle.craigslist.org/sno/ctd/4390277672.html-2009 Ford Focus sel - must sell - low miles (Snohomish County) $7900
2014-04-19 11:50:37,448 New posting created
2014-04-19 11:50:37,451 35
2014-04-19 11:50:37,452 2004 Honda Civic LX BLUE Clean Sedan/AMAZING MPG TOO! (HONDA CIVIC LX SEDANS  206-745-7425) $7950 (2014-04-19)
2014-04-19 11:50:37,452 1995 Red Honda Civic DX (Duvall) $2950 (2014-04-19)
2014-04-19 11:50:37,452 2009 Honda Civic Hybrid 4DR SDN HYB CVS (Chaplins Bellevue VW) $13888 (2014-04-19)
2014-04-19 11:50:37,452 2010 Honda Civic  Car  LX Sedan 4D (Rare Sales Event! Must See! Click Here!) $13991 (2014-04-19)
2014-04-19 11:50:37,452 Honda Civic Hybrid 2006 (Seattle) $8000 (2014-04-19)
2014-04-19 11:50:37,452 2002 MERCEDES ML500,FULLY LOADED,SUPER CLEAN,CLEAN TITLE,E-Z FINANCE! $6995 (2014-04-19)
2014-04-19 11:50:37,452 2000 HONDA CIVIC SILVER (S TACOMA WAY) $4499 (2014-04-19)
2014-04-19 11:50:37,453 Excellent 2002 Ford Taurus Only 79k miles! (Bellevue) $3500 (2014-04-19)
2014-04-19 11:50:37,453 2002 Honda Civic EX (Tacoma) $5400 (2014-04-19)
2014-04-19 11:50:37,453 1997 Honda Civic DX Hatchback 106,XXX original miles (Auburn) $3900 (2014-04-19)
2014-04-19 11:50:37,453 2001 volvo s60 2.4Turbo (vancouver WA) $3500 (2014-04-19)
2014-04-19 11:50:37,453 2002 volvo s60 85k miles (Vancouver WA) $5600 (2014-04-19)
2014-04-19 11:50:37,453 2000 Honda Civic HX Clean Carfax!!! Gas Saver!! (Lake stevens) $4995 (2014-04-19)
2014-04-19 11:50:37,453 1998 HONDA CIVIC MAROON (S TACOMA WAY) $3999 (2014-04-19)
2014-04-19 11:50:37,453 honda civic ex black (tacoma) $4299 (2014-04-19)
2014-04-19 11:50:37,453 2004 Honda Civic Coupe VP - Automatic, Air Conditioning, Clean Title (Seattle) $5995 (2014-04-19)
2014-04-19 11:50:37,453 2003 Honda Civic 4dr Sdn Hybrid Manual (Seattle 425-971-2217) $8495 (2014-04-19)
2014-04-19 11:50:37,453 2001 Hyundai Elantra GLS 5 Speed Great Mileage Fuel Efficient  (Kenmore) $2795 (2014-04-19)
2014-04-19 11:50:37,453 2003 Mitsubishi Lancer ES Auto Great Mileage Fuel Efficient  (Kenmore) $3495 (2014-04-19)
2014-04-19 11:50:37,453 1998 Subaru Outback Legacy All Wheel Drive Great Mileage Bank Repo (Kenmore) $3995 (2014-04-19)
2014-04-19 11:50:37,453 2008 Toyota Corolla CE Auto Fuel Efficient Great Mileage Clean! (Kenmore) $5995 (2014-04-19)
2014-04-19 11:50:37,454 1993 Honda Civic 2dr Coupe 1.5L DX 5-Spd (Seattle 425-971-2217) $2995 (2014-04-19)
2014-04-19 11:50:37,454 1992 acura legend coupe (Lakewood) $3500 (2014-04-19)
2014-04-19 11:50:37,454 Honda Civic 2001 $4900 (2014-04-19)
2014-04-19 11:50:37,454 98 HONDA CIVIC EX SI CONV. $5200 (2014-04-19)
2014-04-19 11:50:37,454 2011 Ford Fusion (low miles) **Tax Season Discount** (Chehalis, WA) $12000 (2014-04-19)
2014-04-19 11:50:37,454 2011 Ford Fusion (low miles) **Tax Season Discount** (Chehalis, WA) $12000 (2014-04-19)
2014-04-19 11:50:37,454 ******* 2012 TOYOTA PRIUS C HYBRID AUTOMATIC ******* (MONROE-KENT) $14600 (2014-04-19)
2014-04-19 11:50:37,454 ******* 2012 HONDA CIVIC EX GREY AUTOMATIC ******* (MONROE-KENT) $13800 (2014-04-19)
2014-04-19 11:50:37,454 2000 Jeep Wrangler Sport (snohomish) $7500 (2014-04-19)
2014-04-19 11:50:37,454 2006 Ford Focus Zx5 5 Dr Hatchback (Enumclaw) $5999 (2014-04-19)
2014-04-19 11:50:37,454 2008 FORD FOCUS SE COUPE LOW MILES 77K MILES 5SPD MANUAL WHITE (PUYALLUP - NORTHWEST AUTOWAY - SALE! SALE!) $6999 (2014-04-19)
2014-04-19 11:50:37,454 ******* 2012 TOYOTA PRIUS C HYBRID AUTOMATIC ******* (MONROE-KENT) $14600 (2014-04-19)
2014-04-19 11:50:37,454 ******* 2012 HONDA CIVIC EX GREY AUTOMATIC ******* (MONROE-KENT) $13800 (2014-04-19)
2014-04-19 11:50:37,455 2009 Ford Focus sel - must sell - low miles (Snohomish County) $7900 (2014-04-19)
